2024-08-28T14:41:23.877+05:30  INFO 7972 --- [restartedMain] com.MainAppLearner                       : Starting MainAppLearner using Java 17.0.10 with PID 7972 (C:\Users\HP\Capstoneproject\learner-mod\target\classes started by HP in C:\Users\HP\Capstoneproject\learner-mod)
2024-08-28T14:41:23.880+05:30  INFO 7972 --- [restartedMain] com.MainAppLearner                       : No active profile set, falling back to 1 default profile: "default"
2024-08-28T14:41:30.216+05:30  INFO 7972 --- [restartedMain] .s.d.r.c.RepositoryConfigurationDelegate : Bootstrapping Spring Data JPA repositories in DEFAULT mode.
2024-08-28T14:41:31.903+05:30  INFO 7972 --- [restartedMain] .s.d.r.c.RepositoryConfigurationDelegate : Finished Spring Data repository scanning in 1676 ms. Found 2 JPA repository interfaces.
2024-08-28T14:41:32.098+05:30  INFO 7972 --- [restartedMain] o.s.cloud.context.scope.GenericScope     : BeanFactory id=fa36a90c-ef0e-3fd3-88c5-b5649ce3fb11
2024-08-28T14:41:32.269+05:30  INFO 7972 --- [restartedMain] o.s.b.w.embedded.tomcat.TomcatWebServer  : Tomcat initialized with port(s): 9011 (http)
2024-08-28T14:41:32.271+05:30  INFO 7972 --- [restartedMain] o.apache.catalina.core.StandardService   : Starting service [Tomcat]
2024-08-28T14:41:32.271+05:30  INFO 7972 --- [restartedMain] o.apache.catalina.core.StandardEngine    : Starting Servlet engine: [Apache Tomcat/10.1.8]
2024-08-28T14:41:32.385+05:30  INFO 7972 --- [restartedMain] o.a.c.c.C.[Tomcat-2].[localhost].[/]     : Initializing Spring embedded WebApplicationContext
2024-08-28T14:41:32.385+05:30  INFO 7972 --- [restartedMain] w.s.c.ServletWebServerApplicationContext : Root WebApplicationContext: initialization completed in 8501 ms
2024-08-28T14:41:32.696+05:30  INFO 7972 --- [restartedMain] com.zaxxer.hikari.HikariDataSource       : HikariPool-24 - Starting...
2024-08-28T14:41:32.738+05:30  INFO 7972 --- [restartedMain] com.zaxxer.hikari.pool.HikariPool        : HikariPool-24 - Added connection com.mysql.cj.jdbc.ConnectionImpl@6d2f8054
2024-08-28T14:41:32.739+05:30  INFO 7972 --- [restartedMain] com.zaxxer.hikari.HikariDataSource       : HikariPool-24 - Start completed.
2024-08-28T14:41:32.742+05:30  INFO 7972 --- [restartedMain] o.hibernate.jpa.internal.util.LogHelper  : HHH000204: Processing PersistenceUnitInfo [name: default]
2024-08-28T14:41:32.921+05:30  INFO 7972 --- [restartedMain] o.h.b.i.BytecodeProviderInitiator        : HHH000021: Bytecode provider name : bytebuddy
2024-08-28T14:41:32.921+05:30  INFO 7972 --- [restartedMain] o.s.o.j.p.SpringPersistenceUnitInfo      : No LoadTimeWeaver setup: ignoring JPA class transformer
2024-08-28T14:41:32.926+05:30  INFO 7972 --- [restartedMain] org.hibernate.orm.dialect                : HHH035001: Using dialect: org.hibernate.dialect.MySQL8Dialect, version: 8.0
2024-08-28T14:41:32.927+05:30  WARN 7972 --- [restartedMain] org.hibernate.orm.deprecation            : HHH90000026: MySQL8Dialect has been deprecated; use org.hibernate.dialect.MySQLDialect instead
2024-08-28T14:41:32.987+05:30  INFO 7972 --- [restartedMain] o.h.b.i.BytecodeProviderInitiator        : HHH000021: Bytecode provider name : bytebuddy
2024-08-28T14:41:33.260+05:30  INFO 7972 --- [restartedMain] o.h.e.t.j.p.i.JtaPlatformInitiator       : HHH000490: Using JtaPlatform implementation: [org.hibernate.engine.transaction.jta.platform.internal.NoJtaPlatform]
2024-08-28T14:41:33.260+05:30  INFO 7972 --- [restartedMain] j.LocalContainerEntityManagerFactoryBean : Initialized JPA EntityManagerFactory for persistence unit 'default'
2024-08-28T14:41:33.631+05:30  WARN 7972 --- [restartedMain] JpaBaseConfiguration$JpaWebConfiguration : spring.jpa.open-in-view is enabled by default. Therefore, database queries may be performed during view rendering. Explicitly configure spring.jpa.open-in-view to disable this warning
2024-08-28T14:41:34.421+05:30  WARN 7972 --- [restartedMain] o.s.b.d.a.OptionalLiveReloadServer       : Unable to start LiveReload server
2024-08-28T14:41:35.481+05:30  INFO 7972 --- [restartedMain] DiscoveryClientOptionalArgsConfiguration : Eureka HTTP Client uses RestTemplate.
2024-08-28T14:41:36.505+05:30  WARN 7972 --- [restartedMain] iguration$LoadBalancerCaffeineWarnLogger : Spring Cloud LoadBalancer is currently working with the default cache. While this cache implementation is useful for development and tests, it's recommended to use Caffeine cache in production.You can switch to using Caffeine cache, by adding it and org.springframework.cache.caffeine.CaffeineCacheManager to the classpath.
2024-08-28T14:41:36.524+05:30  INFO 7972 --- [restartedMain] o.s.c.n.eureka.InstanceInfoFactory       : Setting initial instance status as: STARTING
2024-08-28T14:41:36.528+05:30  INFO 7972 --- [restartedMain] com.netflix.discovery.DiscoveryClient    : Initializing Eureka in region us-east-1
2024-08-28T14:41:36.528+05:30  INFO 7972 --- [restartedMain] c.n.d.s.r.aws.ConfigClusterResolver      : Resolving eureka endpoints via configuration
2024-08-28T14:41:36.531+05:30  INFO 7972 --- [restartedMain] com.netflix.discovery.DiscoveryClient    : Disable delta property : false
2024-08-28T14:41:36.531+05:30  INFO 7972 --- [restartedMain] com.netflix.discovery.DiscoveryClient    : Single vip registry refresh property : null
2024-08-28T14:41:36.531+05:30  INFO 7972 --- [restartedMain] com.netflix.discovery.DiscoveryClient    : Force full registry fetch : false
2024-08-28T14:41:36.531+05:30  INFO 7972 --- [restartedMain] com.netflix.discovery.DiscoveryClient    : Application is null : false
2024-08-28T14:41:36.531+05:30  INFO 7972 --- [restartedMain] com.netflix.discovery.DiscoveryClient    : Registered Applications size is zero : true
2024-08-28T14:41:36.531+05:30  INFO 7972 --- [restartedMain] com.netflix.discovery.DiscoveryClient    : Application version is -1: true
2024-08-28T14:41:36.531+05:30  INFO 7972 --- [restartedMain] com.netflix.discovery.DiscoveryClient    : Getting all instance registry info from the eureka server
2024-08-28T14:41:36.572+05:30  INFO 7972 --- [restartedMain] com.netflix.discovery.DiscoveryClient    : The response status is 200
2024-08-28T14:41:36.574+05:30  INFO 7972 --- [restartedMain] com.netflix.discovery.DiscoveryClient    : Starting heartbeat executor: renew interval is: 30
2024-08-28T14:41:36.575+05:30  INFO 7972 --- [restartedMain] c.n.discovery.InstanceInfoReplicator     : InstanceInfoReplicator onDemand update allowed rate per min is 4
2024-08-28T14:41:36.578+05:30  INFO 7972 --- [restartedMain] com.netflix.discovery.DiscoveryClient    : Discovery Client initialized at timestamp 1724836296577 with initial instances count: 1
2024-08-28T14:41:36.579+05:30  INFO 7972 --- [restartedMain] o.s.c.n.e.s.EurekaServiceRegistry        : Registering application LEARNERMS with eureka with status UP
2024-08-28T14:41:36.580+05:30  INFO 7972 --- [restartedMain] com.netflix.discovery.DiscoveryClient    : Saw local status change event StatusChangeEvent [timestamp=1724836296580, current=UP, previous=STARTING]
2024-08-28T14:41:36.585+05:30  INFO 7972 --- [DiscoveryClient-InstanceInfoReplicator-0] com.netflix.discovery.DiscoveryClient    : DiscoveryClient_LEARNERMS/192.168.1.6:learnerMS:9011: registering service...
2024-08-28T14:41:36.604+05:30  INFO 7972 --- [DiscoveryClient-InstanceInfoReplicator-0] com.netflix.discovery.DiscoveryClient    : DiscoveryClient_LEARNERMS/192.168.1.6:learnerMS:9011 - registration status: 204
2024-08-28T14:41:36.605+05:30  INFO 7972 --- [restartedMain] o.s.b.w.embedded.tomcat.TomcatWebServer  : Tomcat started on port(s): 9011 (http) with context path ''
2024-08-28T14:41:36.606+05:30  INFO 7972 --- [restartedMain] .s.c.n.e.s.EurekaAutoServiceRegistration : Updating port to 9011
2024-08-28T14:41:37.480+05:30  INFO 7972 --- [restartedMain] com.MainAppLearner                       : Started MainAppLearner in 14.516 seconds (process running for 19396.807)
2024-08-28T14:41:37.545+05:30  INFO 7972 --- [restartedMain] .ConditionEvaluationDeltaLoggingListener : Condition evaluation unchanged
2024-08-28T14:44:36.536+05:30  INFO 7972 --- [http-nio-9011-exec-4] o.a.c.c.C.[Tomcat-2].[localhost].[/]     : Initializing Spring DispatcherServlet 'dispatcherServlet'
2024-08-28T14:44:36.537+05:30  INFO 7972 --- [http-nio-9011-exec-4] o.s.web.servlet.DispatcherServlet        : Initializing Servlet 'dispatcherServlet'
2024-08-28T14:44:36.538+05:30  INFO 7972 --- [http-nio-9011-exec-4] o.s.web.servlet.DispatcherServlet        : Completed initialization in 1 ms
2024-08-28T14:44:36.552+05:30 DEBUG 7972 --- [http-nio-9011-exec-4] org.hibernate.SQL                        : 
    select
        e1_0.enrollment_id,
        e1_0.academy_id,
        e1_0.enrollment_date,
        e1_0.learner_id 
    from
        enrollments e1_0 
    where
        e1_0.enrollment_id=?
2024-08-28T14:44:43.069+05:30 DEBUG 7972 --- [http-nio-9011-exec-7] org.hibernate.SQL                        : 
    select
        e1_0.enrollment_id,
        e1_0.academy_id,
        e1_0.enrollment_date,
        e1_0.learner_id 
    from
        enrollments e1_0 
    where
        e1_0.enrollment_id=?
2024-08-28T14:44:43.080+05:30  WARN 7972 --- [http-nio-9011-exec-7] .m.m.a.ExceptionHandlerExceptionResolver : Resolved [com.exceptions.CustomException: Record of No Enrollment is found by id: 2]
2024-08-28T14:44:47.783+05:30 DEBUG 7972 --- [http-nio-9011-exec-8] org.hibernate.SQL                        : 
    select
        e1_0.enrollment_id,
        e1_0.academy_id,
        e1_0.enrollment_date,
        e1_0.learner_id 
    from
        enrollments e1_0 
    where
        e1_0.enrollment_id=?
2024-08-28T14:44:51.195+05:30 DEBUG 7972 --- [http-nio-9011-exec-1] org.hibernate.SQL                        : 
    select
        e1_0.enrollment_id,
        e1_0.academy_id,
        e1_0.enrollment_date,
        e1_0.learner_id 
    from
        enrollments e1_0 
    where
        e1_0.enrollment_id=?
2024-08-28T14:46:36.543+05:30  INFO 7972 --- [AsyncResolver-bootstrap-executor-0] c.n.d.s.r.aws.ConfigClusterResolver      : Resolving eureka endpoints via configuration
2024-08-28T14:51:36.551+05:30  INFO 7972 --- [AsyncResolver-bootstrap-executor-0] c.n.d.s.r.aws.ConfigClusterResolver      : Resolving eureka endpoints via configuration
2024-08-28T14:52:35.273+05:30  INFO 7972 --- [File Watcher] rtingClassPathChangeChangedEventListener : Restarting due to 2 class path changes (0 additions, 0 deletions, 2 modifications)
2024-08-28T14:52:35.276+05:30  INFO 7972 --- [Thread-135] o.s.c.n.e.s.EurekaServiceRegistry        : Unregistering application LEARNERMS with eureka with status DOWN
2024-08-28T14:52:35.277+05:30  INFO 7972 --- [Thread-135] com.netflix.discovery.DiscoveryClient    : Saw local status change event StatusChangeEvent [timestamp=1724836955277, current=DOWN, previous=UP]
2024-08-28T14:52:35.278+05:30  INFO 7972 --- [DiscoveryClient-InstanceInfoReplicator-0] com.netflix.discovery.DiscoveryClient    : DiscoveryClient_LEARNERMS/192.168.1.6:learnerMS:9011: registering service...
2024-08-28T14:52:35.303+05:30  INFO 7972 --- [DiscoveryClient-InstanceInfoReplicator-0] com.netflix.discovery.DiscoveryClient    : DiscoveryClient_LEARNERMS/192.168.1.6:learnerMS:9011 - registration status: 204
2024-08-28T14:52:35.323+05:30  INFO 7972 --- [Thread-135] o.apache.catalina.core.StandardService   : Stopping service [Tomcat]
2024-08-28T14:52:35.324+05:30  INFO 7972 --- [Thread-135] o.a.c.c.C.[Tomcat-2].[localhost].[/]     : Destroying Spring FrameworkServlet 'dispatcherServlet'
2024-08-28T14:52:35.337+05:30  INFO 7972 --- [Thread-135] j.LocalContainerEntityManagerFactoryBean : Closing JPA EntityManagerFactory for persistence unit 'default'
2024-08-28T14:52:35.340+05:30  INFO 7972 --- [Thread-135] com.zaxxer.hikari.HikariDataSource       : HikariPool-24 - Shutdown initiated...
2024-08-28T14:52:35.352+05:30  INFO 7972 --- [Thread-135] com.zaxxer.hikari.HikariDataSource       : HikariPool-24 - Shutdown completed.
2024-08-28T14:52:35.352+05:30  INFO 7972 --- [Thread-135] com.netflix.discovery.DiscoveryClient    : Shutting down DiscoveryClient ...
2024-08-28T14:52:38.354+05:30  WARN 7972 --- [DiscoveryClient-1] c.netflix.discovery.TimedSupervisorTask  : task supervisor shutting down, can't accept the task
2024-08-28T14:52:38.356+05:30  INFO 7972 --- [Thread-135] com.netflix.discovery.DiscoveryClient    : Unregistering ...
2024-08-28T14:52:38.359+05:30  INFO 7972 --- [Thread-135] com.netflix.discovery.DiscoveryClient    : DiscoveryClient_LEARNERMS/192.168.1.6:learnerMS:9011 - deregister  status: 200
2024-08-28T14:52:38.364+05:30  INFO 7972 --- [Thread-135] com.netflix.discovery.DiscoveryClient    : Completed shut down of DiscoveryClient
2024-08-28T14:52:39.095+05:30  INFO 7972 --- [restartedMain] com.MainAppLearner                       : Starting MainAppLearner using Java 17.0.10 with PID 7972 (C:\Users\HP\Capstoneproject\learner-mod\target\classes started by HP in C:\Users\HP\Capstoneproject\learner-mod)
2024-08-28T14:52:39.096+05:30  INFO 7972 --- [restartedMain] com.MainAppLearner                       : No active profile set, falling back to 1 default profile: "default"
2024-08-28T14:52:43.828+05:30  INFO 7972 --- [restartedMain] .s.d.r.c.RepositoryConfigurationDelegate : Bootstrapping Spring Data JPA repositories in DEFAULT mode.
2024-08-28T14:52:45.288+05:30  INFO 7972 --- [restartedMain] .s.d.r.c.RepositoryConfigurationDelegate : Finished Spring Data repository scanning in 1453 ms. Found 2 JPA repository interfaces.
2024-08-28T14:52:45.598+05:30  INFO 7972 --- [restartedMain] o.s.cloud.context.scope.GenericScope     : BeanFactory id=fa36a90c-ef0e-3fd3-88c5-b5649ce3fb11
2024-08-28T14:52:45.902+05:30  INFO 7972 --- [restartedMain] o.s.b.w.embedded.tomcat.TomcatWebServer  : Tomcat initialized with port(s): 9011 (http)
2024-08-28T14:52:45.904+05:30  INFO 7972 --- [restartedMain] o.apache.catalina.core.StandardService   : Starting service [Tomcat]
2024-08-28T14:52:45.905+05:30  INFO 7972 --- [restartedMain] o.apache.catalina.core.StandardEngine    : Starting Servlet engine: [Apache Tomcat/10.1.8]
2024-08-28T14:52:46.033+05:30  INFO 7972 --- [restartedMain] o.a.c.c.C.[Tomcat-2].[localhost].[/]     : Initializing Spring embedded WebApplicationContext
2024-08-28T14:52:46.033+05:30  INFO 7972 --- [restartedMain] w.s.c.ServletWebServerApplicationContext : Root WebApplicationContext: initialization completed in 6928 ms
2024-08-28T14:52:46.211+05:30  INFO 7972 --- [restartedMain] com.zaxxer.hikari.HikariDataSource       : HikariPool-25 - Starting...
2024-08-28T14:52:46.241+05:30  INFO 7972 --- [restartedMain] com.zaxxer.hikari.pool.HikariPool        : HikariPool-25 - Added connection com.mysql.cj.jdbc.ConnectionImpl@37fc72a1
2024-08-28T14:52:46.242+05:30  INFO 7972 --- [restartedMain] com.zaxxer.hikari.HikariDataSource       : HikariPool-25 - Start completed.
2024-08-28T14:52:46.245+05:30  INFO 7972 --- [restartedMain] o.hibernate.jpa.internal.util.LogHelper  : HHH000204: Processing PersistenceUnitInfo [name: default]
2024-08-28T14:52:46.324+05:30  INFO 7972 --- [restartedMain] o.h.b.i.BytecodeProviderInitiator        : HHH000021: Bytecode provider name : bytebuddy
2024-08-28T14:52:46.325+05:30  INFO 7972 --- [restartedMain] o.s.o.j.p.SpringPersistenceUnitInfo      : No LoadTimeWeaver setup: ignoring JPA class transformer
2024-08-28T14:52:46.330+05:30  INFO 7972 --- [restartedMain] org.hibernate.orm.dialect                : HHH035001: Using dialect: org.hibernate.dialect.MySQL8Dialect, version: 8.0
2024-08-28T14:52:46.330+05:30  WARN 7972 --- [restartedMain] org.hibernate.orm.deprecation            : HHH90000026: MySQL8Dialect has been deprecated; use org.hibernate.dialect.MySQLDialect instead
2024-08-28T14:52:46.369+05:30  INFO 7972 --- [restartedMain] o.h.b.i.BytecodeProviderInitiator        : HHH000021: Bytecode provider name : bytebuddy
2024-08-28T14:52:46.444+05:30  INFO 7972 --- [restartedMain] o.h.e.t.j.p.i.JtaPlatformInitiator       : HHH000490: Using JtaPlatform implementation: [org.hibernate.engine.transaction.jta.platform.internal.NoJtaPlatform]
2024-08-28T14:52:46.445+05:30  INFO 7972 --- [restartedMain] j.LocalContainerEntityManagerFactoryBean : Initialized JPA EntityManagerFactory for persistence unit 'default'
2024-08-28T14:52:46.664+05:30  WARN 7972 --- [restartedMain] JpaBaseConfiguration$JpaWebConfiguration : spring.jpa.open-in-view is enabled by default. Therefore, database queries may be performed during view rendering. Explicitly configure spring.jpa.open-in-view to disable this warning
2024-08-28T14:52:47.166+05:30  WARN 7972 --- [restartedMain] o.s.b.d.a.OptionalLiveReloadServer       : Unable to start LiveReload server
2024-08-28T14:52:47.605+05:30  INFO 7972 --- [restartedMain] DiscoveryClientOptionalArgsConfiguration : Eureka HTTP Client uses RestTemplate.
2024-08-28T14:52:48.046+05:30  WARN 7972 --- [restartedMain] iguration$LoadBalancerCaffeineWarnLogger : Spring Cloud LoadBalancer is currently working with the default cache. While this cache implementation is useful for development and tests, it's recommended to use Caffeine cache in production.You can switch to using Caffeine cache, by adding it and org.springframework.cache.caffeine.CaffeineCacheManager to the classpath.
2024-08-28T14:52:48.073+05:30  INFO 7972 --- [restartedMain] o.s.c.n.eureka.InstanceInfoFactory       : Setting initial instance status as: STARTING
2024-08-28T14:52:48.082+05:30  INFO 7972 --- [restartedMain] com.netflix.discovery.DiscoveryClient    : Initializing Eureka in region us-east-1
2024-08-28T14:52:48.082+05:30  INFO 7972 --- [restartedMain] c.n.d.s.r.aws.ConfigClusterResolver      : Resolving eureka endpoints via configuration
2024-08-28T14:52:48.085+05:30  INFO 7972 --- [restartedMain] com.netflix.discovery.DiscoveryClient    : Disable delta property : false
2024-08-28T14:52:48.086+05:30  INFO 7972 --- [restartedMain] com.netflix.discovery.DiscoveryClient    : Single vip registry refresh property : null
2024-08-28T14:52:48.086+05:30  INFO 7972 --- [restartedMain] com.netflix.discovery.DiscoveryClient    : Force full registry fetch : false
2024-08-28T14:52:48.086+05:30  INFO 7972 --- [restartedMain] com.netflix.discovery.DiscoveryClient    : Application is null : false
2024-08-28T14:52:48.087+05:30  INFO 7972 --- [restartedMain] com.netflix.discovery.DiscoveryClient    : Registered Applications size is zero : true
2024-08-28T14:52:48.087+05:30  INFO 7972 --- [restartedMain] com.netflix.discovery.DiscoveryClient    : Application version is -1: true
2024-08-28T14:52:48.087+05:30  INFO 7972 --- [restartedMain] com.netflix.discovery.DiscoveryClient    : Getting all instance registry info from the eureka server
2024-08-28T14:52:48.136+05:30  INFO 7972 --- [restartedMain] com.netflix.discovery.DiscoveryClient    : The response status is 200
2024-08-28T14:52:48.139+05:30  INFO 7972 --- [restartedMain] com.netflix.discovery.DiscoveryClient    : Starting heartbeat executor: renew interval is: 30
2024-08-28T14:52:48.141+05:30  INFO 7972 --- [restartedMain] c.n.discovery.InstanceInfoReplicator     : InstanceInfoReplicator onDemand update allowed rate per min is 4
2024-08-28T14:52:48.144+05:30  INFO 7972 --- [restartedMain] com.netflix.discovery.DiscoveryClient    : Discovery Client initialized at timestamp 1724836968144 with initial instances count: 3
2024-08-28T14:52:48.148+05:30  INFO 7972 --- [restartedMain] o.s.c.n.e.s.EurekaServiceRegistry        : Registering application LEARNERMS with eureka with status UP
2024-08-28T14:52:48.149+05:30  INFO 7972 --- [restartedMain] com.netflix.discovery.DiscoveryClient    : Saw local status change event StatusChangeEvent [timestamp=1724836968149, current=UP, previous=STARTING]
2024-08-28T14:52:48.150+05:30  INFO 7972 --- [DiscoveryClient-InstanceInfoReplicator-0] com.netflix.discovery.DiscoveryClient    : DiscoveryClient_LEARNERMS/192.168.1.6:learnerMS:9011: registering service...
2024-08-28T14:52:48.162+05:30  INFO 7972 --- [restartedMain] o.s.b.w.embedded.tomcat.TomcatWebServer  : Tomcat started on port(s): 9011 (http) with context path ''
2024-08-28T14:52:48.163+05:30  INFO 7972 --- [restartedMain] .s.c.n.e.s.EurekaAutoServiceRegistration : Updating port to 9011
2024-08-28T14:52:48.181+05:30  INFO 7972 --- [DiscoveryClient-InstanceInfoReplicator-0] com.netflix.discovery.DiscoveryClient    : DiscoveryClient_LEARNERMS/192.168.1.6:learnerMS:9011 - registration status: 204
2024-08-28T14:52:48.555+05:30  INFO 7972 --- [restartedMain] com.MainAppLearner                       : Started MainAppLearner in 10.02 seconds (process running for 20067.883)
2024-08-28T14:52:48.558+05:30  INFO 7972 --- [restartedMain] .ConditionEvaluationDeltaLoggingListener : Condition evaluation unchanged
2024-08-28T14:57:48.100+05:30  INFO 7972 --- [AsyncResolver-bootstrap-executor-0] c.n.d.s.r.aws.ConfigClusterResolver      : Resolving eureka endpoints via configuration
2024-08-28T15:02:48.116+05:30  INFO 7972 --- [AsyncResolver-bootstrap-executor-0] c.n.d.s.r.aws.ConfigClusterResolver      : Resolving eureka endpoints via configuration
2024-08-28T15:07:48.129+05:30  INFO 7972 --- [AsyncResolver-bootstrap-executor-0] c.n.d.s.r.aws.ConfigClusterResolver      : Resolving eureka endpoints via configuration
2024-08-28T15:11:11.778+05:30  INFO 7972 --- [File Watcher] rtingClassPathChangeChangedEventListener : Restarting due to 2 class path changes (0 additions, 0 deletions, 2 modifications)
2024-08-28T15:11:11.779+05:30  INFO 7972 --- [Thread-141] o.s.c.n.e.s.EurekaServiceRegistry        : Unregistering application LEARNERMS with eureka with status DOWN
2024-08-28T15:11:11.780+05:30  INFO 7972 --- [Thread-141] com.netflix.discovery.DiscoveryClient    : Saw local status change event StatusChangeEvent [timestamp=1724838071780, current=DOWN, previous=UP]
2024-08-28T15:11:11.780+05:30  INFO 7972 --- [DiscoveryClient-InstanceInfoReplicator-0] com.netflix.discovery.DiscoveryClient    : DiscoveryClient_LEARNERMS/192.168.1.6:learnerMS:9011: registering service...
2024-08-28T15:11:11.791+05:30  INFO 7972 --- [DiscoveryClient-InstanceInfoReplicator-0] com.netflix.discovery.DiscoveryClient    : DiscoveryClient_LEARNERMS/192.168.1.6:learnerMS:9011 - registration status: 204
2024-08-28T15:11:11.806+05:30  INFO 7972 --- [Thread-141] o.apache.catalina.core.StandardService   : Stopping service [Tomcat]
2024-08-28T15:11:11.813+05:30  INFO 7972 --- [Thread-141] j.LocalContainerEntityManagerFactoryBean : Closing JPA EntityManagerFactory for persistence unit 'default'
2024-08-28T15:11:11.813+05:30  INFO 7972 --- [Thread-141] com.zaxxer.hikari.HikariDataSource       : HikariPool-25 - Shutdown initiated...
2024-08-28T15:11:11.821+05:30  INFO 7972 --- [Thread-141] com.zaxxer.hikari.HikariDataSource       : HikariPool-25 - Shutdown completed.
2024-08-28T15:11:11.821+05:30  INFO 7972 --- [Thread-141] com.netflix.discovery.DiscoveryClient    : Shutting down DiscoveryClient ...
2024-08-28T15:11:14.836+05:30  INFO 7972 --- [Thread-141] com.netflix.discovery.DiscoveryClient    : Unregistering ...
2024-08-28T15:11:14.850+05:30  INFO 7972 --- [Thread-141] com.netflix.discovery.DiscoveryClient    : DiscoveryClient_LEARNERMS/192.168.1.6:learnerMS:9011 - deregister  status: 200
2024-08-28T15:11:14.854+05:30  INFO 7972 --- [Thread-141] com.netflix.discovery.DiscoveryClient    : Completed shut down of DiscoveryClient
2024-08-28T15:11:15.413+05:30  INFO 7972 --- [restartedMain] com.MainAppLearner                       : Starting MainAppLearner using Java 17.0.10 with PID 7972 (C:\Users\HP\Capstoneproject\learner-mod\target\classes started by HP in C:\Users\HP\Capstoneproject\learner-mod)
2024-08-28T15:11:15.413+05:30  INFO 7972 --- [restartedMain] com.MainAppLearner                       : No active profile set, falling back to 1 default profile: "default"
2024-08-28T15:11:18.462+05:30  INFO 7972 --- [restartedMain] .s.d.r.c.RepositoryConfigurationDelegate : Bootstrapping Spring Data JPA repositories in DEFAULT mode.
2024-08-28T15:11:19.309+05:30  INFO 7972 --- [restartedMain] .s.d.r.c.RepositoryConfigurationDelegate : Finished Spring Data repository scanning in 847 ms. Found 2 JPA repository interfaces.
2024-08-28T15:11:19.409+05:30  INFO 7972 --- [restartedMain] o.s.cloud.context.scope.GenericScope     : BeanFactory id=fa36a90c-ef0e-3fd3-88c5-b5649ce3fb11
2024-08-28T15:11:19.499+05:30  INFO 7972 --- [restartedMain] o.s.b.w.embedded.tomcat.TomcatWebServer  : Tomcat initialized with port(s): 9011 (http)
2024-08-28T15:11:19.500+05:30  INFO 7972 --- [restartedMain] o.apache.catalina.core.StandardService   : Starting service [Tomcat]
2024-08-28T15:11:19.500+05:30  INFO 7972 --- [restartedMain] o.apache.catalina.core.StandardEngine    : Starting Servlet engine: [Apache Tomcat/10.1.8]
2024-08-28T15:11:19.577+05:30  INFO 7972 --- [restartedMain] o.a.c.c.C.[Tomcat-2].[localhost].[/]     : Initializing Spring embedded WebApplicationContext
2024-08-28T15:11:19.578+05:30  INFO 7972 --- [restartedMain] w.s.c.ServletWebServerApplicationContext : Root WebApplicationContext: initialization completed in 4162 ms
2024-08-28T15:11:19.738+05:30  INFO 7972 --- [restartedMain] com.zaxxer.hikari.HikariDataSource       : HikariPool-26 - Starting...
2024-08-28T15:11:19.758+05:30  INFO 7972 --- [restartedMain] com.zaxxer.hikari.pool.HikariPool        : HikariPool-26 - Added connection com.mysql.cj.jdbc.ConnectionImpl@7b25d8f6
2024-08-28T15:11:19.758+05:30  INFO 7972 --- [restartedMain] com.zaxxer.hikari.HikariDataSource       : HikariPool-26 - Start completed.
2024-08-28T15:11:19.760+05:30  INFO 7972 --- [restartedMain] o.hibernate.jpa.internal.util.LogHelper  : HHH000204: Processing PersistenceUnitInfo [name: default]
2024-08-28T15:11:19.825+05:30  INFO 7972 --- [restartedMain] o.h.b.i.BytecodeProviderInitiator        : HHH000021: Bytecode provider name : bytebuddy
2024-08-28T15:11:19.825+05:30  INFO 7972 --- [restartedMain] o.s.o.j.p.SpringPersistenceUnitInfo      : No LoadTimeWeaver setup: ignoring JPA class transformer
2024-08-28T15:11:19.827+05:30  INFO 7972 --- [restartedMain] org.hibernate.orm.dialect                : HHH035001: Using dialect: org.hibernate.dialect.MySQL8Dialect, version: 8.0
2024-08-28T15:11:19.828+05:30  WARN 7972 --- [restartedMain] org.hibernate.orm.deprecation            : HHH90000026: MySQL8Dialect has been deprecated; use org.hibernate.dialect.MySQLDialect instead
2024-08-28T15:11:19.861+05:30  INFO 7972 --- [restartedMain] o.h.b.i.BytecodeProviderInitiator        : HHH000021: Bytecode provider name : bytebuddy
2024-08-28T15:11:19.933+05:30  INFO 7972 --- [restartedMain] o.h.e.t.j.p.i.JtaPlatformInitiator       : HHH000490: Using JtaPlatform implementation: [org.hibernate.engine.transaction.jta.platform.internal.NoJtaPlatform]
2024-08-28T15:11:19.934+05:30  INFO 7972 --- [restartedMain] j.LocalContainerEntityManagerFactoryBean : Initialized JPA EntityManagerFactory for persistence unit 'default'
2024-08-28T15:11:20.052+05:30  WARN 7972 --- [restartedMain] JpaBaseConfiguration$JpaWebConfiguration : spring.jpa.open-in-view is enabled by default. Therefore, database queries may be performed during view rendering. Explicitly configure spring.jpa.open-in-view to disable this warning
2024-08-28T15:11:20.310+05:30  WARN 7972 --- [restartedMain] o.s.b.d.a.OptionalLiveReloadServer       : Unable to start LiveReload server
2024-08-28T15:11:20.552+05:30  INFO 7972 --- [restartedMain] DiscoveryClientOptionalArgsConfiguration : Eureka HTTP Client uses RestTemplate.
2024-08-28T15:11:20.799+05:30  WARN 7972 --- [restartedMain] iguration$LoadBalancerCaffeineWarnLogger : Spring Cloud LoadBalancer is currently working with the default cache. While this cache implementation is useful for development and tests, it's recommended to use Caffeine cache in production.You can switch to using Caffeine cache, by adding it and org.springframework.cache.caffeine.CaffeineCacheManager to the classpath.
2024-08-28T15:11:20.809+05:30  INFO 7972 --- [restartedMain] o.s.c.n.eureka.InstanceInfoFactory       : Setting initial instance status as: STARTING
2024-08-28T15:11:20.812+05:30  INFO 7972 --- [restartedMain] com.netflix.discovery.DiscoveryClient    : Initializing Eureka in region us-east-1
2024-08-28T15:11:20.812+05:30  INFO 7972 --- [restartedMain] c.n.d.s.r.aws.ConfigClusterResolver      : Resolving eureka endpoints via configuration
2024-08-28T15:11:20.813+05:30  INFO 7972 --- [restartedMain] com.netflix.discovery.DiscoveryClient    : Disable delta property : false
2024-08-28T15:11:20.813+05:30  INFO 7972 --- [restartedMain] com.netflix.discovery.DiscoveryClient    : Single vip registry refresh property : null
2024-08-28T15:11:20.813+05:30  INFO 7972 --- [restartedMain] com.netflix.discovery.DiscoveryClient    : Force full registry fetch : false
2024-08-28T15:11:20.813+05:30  INFO 7972 --- [restartedMain] com.netflix.discovery.DiscoveryClient    : Application is null : false
2024-08-28T15:11:20.814+05:30  INFO 7972 --- [restartedMain] com.netflix.discovery.DiscoveryClient    : Registered Applications size is zero : true
2024-08-28T15:11:20.814+05:30  INFO 7972 --- [restartedMain] com.netflix.discovery.DiscoveryClient    : Application version is -1: true
2024-08-28T15:11:20.814+05:30  INFO 7972 --- [restartedMain] com.netflix.discovery.DiscoveryClient    : Getting all instance registry info from the eureka server
2024-08-28T15:11:20.843+05:30  INFO 7972 --- [restartedMain] com.netflix.discovery.DiscoveryClient    : The response status is 200
2024-08-28T15:11:20.844+05:30  INFO 7972 --- [restartedMain] com.netflix.discovery.DiscoveryClient    : Starting heartbeat executor: renew interval is: 30
2024-08-28T15:11:20.845+05:30  INFO 7972 --- [restartedMain] c.n.discovery.InstanceInfoReplicator     : InstanceInfoReplicator onDemand update allowed rate per min is 4
2024-08-28T15:11:20.846+05:30  INFO 7972 --- [restartedMain] com.netflix.discovery.DiscoveryClient    : Discovery Client initialized at timestamp 1724838080846 with initial instances count: 3
2024-08-28T15:11:20.847+05:30  INFO 7972 --- [restartedMain] o.s.c.n.e.s.EurekaServiceRegistry        : Registering application LEARNERMS with eureka with status UP
2024-08-28T15:11:20.847+05:30  INFO 7972 --- [restartedMain] com.netflix.discovery.DiscoveryClient    : Saw local status change event StatusChangeEvent [timestamp=1724838080847, current=UP, previous=STARTING]
2024-08-28T15:11:20.848+05:30  INFO 7972 --- [DiscoveryClient-InstanceInfoReplicator-0] com.netflix.discovery.DiscoveryClient    : DiscoveryClient_LEARNERMS/192.168.1.6:learnerMS:9011: registering service...
2024-08-28T15:11:20.857+05:30  INFO 7972 --- [restartedMain] o.s.b.w.embedded.tomcat.TomcatWebServer  : Tomcat started on port(s): 9011 (http) with context path ''
2024-08-28T15:11:20.857+05:30  INFO 7972 --- [restartedMain] .s.c.n.e.s.EurekaAutoServiceRegistration : Updating port to 9011
2024-08-28T15:11:20.870+05:30  INFO 7972 --- [DiscoveryClient-InstanceInfoReplicator-0] com.netflix.discovery.DiscoveryClient    : DiscoveryClient_LEARNERMS/192.168.1.6:learnerMS:9011 - registration status: 204
2024-08-28T15:11:21.142+05:30  INFO 7972 --- [restartedMain] com.MainAppLearner                       : Started MainAppLearner in 6.074 seconds (process running for 21180.47)
2024-08-28T15:11:21.144+05:30  INFO 7972 --- [restartedMain] .ConditionEvaluationDeltaLoggingListener : Condition evaluation unchanged
2024-08-28T15:11:29.777+05:30  INFO 7972 --- [http-nio-9011-exec-2] o.a.c.c.C.[Tomcat-2].[localhost].[/]     : Initializing Spring DispatcherServlet 'dispatcherServlet'
2024-08-28T15:11:29.778+05:30  INFO 7972 --- [http-nio-9011-exec-2] o.s.web.servlet.DispatcherServlet        : Initializing Servlet 'dispatcherServlet'
2024-08-28T15:11:29.778+05:30  INFO 7972 --- [http-nio-9011-exec-2] o.s.web.servlet.DispatcherServlet        : Completed initialization in 0 ms
2024-08-28T15:16:20.827+05:30  INFO 7972 --- [AsyncResolver-bootstrap-executor-0] c.n.d.s.r.aws.ConfigClusterResolver      : Resolving eureka endpoints via configuration
2024-08-28T15:21:20.833+05:30  INFO 7972 --- [AsyncResolver-bootstrap-executor-0] c.n.d.s.r.aws.ConfigClusterResolver      : Resolving eureka endpoints via configuration
2024-08-28T15:26:20.847+05:30  INFO 7972 --- [AsyncResolver-bootstrap-executor-0] c.n.d.s.r.aws.ConfigClusterResolver      : Resolving eureka endpoints via configuration
2024-08-28T15:31:20.861+05:30  INFO 7972 --- [AsyncResolver-bootstrap-executor-0] c.n.d.s.r.aws.ConfigClusterResolver      : Resolving eureka endpoints via configuration
2024-08-28T15:36:20.866+05:30  INFO 7972 --- [AsyncResolver-bootstrap-executor-0] c.n.d.s.r.aws.ConfigClusterResolver      : Resolving eureka endpoints via configuration
2024-08-28T15:41:20.872+05:30  INFO 7972 --- [AsyncResolver-bootstrap-executor-0] c.n.d.s.r.aws.ConfigClusterResolver      : Resolving eureka endpoints via configuration
2024-08-28T15:46:20.879+05:30  INFO 7972 --- [AsyncResolver-bootstrap-executor-0] c.n.d.s.r.aws.ConfigClusterResolver      : Resolving eureka endpoints via configuration
2024-08-28T15:51:20.887+05:30  INFO 7972 --- [AsyncResolver-bootstrap-executor-0] c.n.d.s.r.aws.ConfigClusterResolver      : Resolving eureka endpoints via configuration
2024-08-28T15:56:20.897+05:30  INFO 7972 --- [AsyncResolver-bootstrap-executor-0] c.n.d.s.r.aws.ConfigClusterResolver      : Resolving eureka endpoints via configuration
2024-08-28T16:01:20.910+05:30  INFO 7972 --- [AsyncResolver-bootstrap-executor-0] c.n.d.s.r.aws.ConfigClusterResolver      : Resolving eureka endpoints via configuration
2024-08-28T16:06:20.923+05:30  INFO 7972 --- [AsyncResolver-bootstrap-executor-0] c.n.d.s.r.aws.ConfigClusterResolver      : Resolving eureka endpoints via configuration
2024-08-28T16:11:20.939+05:30  INFO 7972 --- [AsyncResolver-bootstrap-executor-0] c.n.d.s.r.aws.ConfigClusterResolver      : Resolving eureka endpoints via configuration
2024-08-28T16:16:20.955+05:30  INFO 7972 --- [AsyncResolver-bootstrap-executor-0] c.n.d.s.r.aws.ConfigClusterResolver      : Resolving eureka endpoints via configuration
2024-08-28T16:21:20.963+05:30  INFO 7972 --- [AsyncResolver-bootstrap-executor-0] c.n.d.s.r.aws.ConfigClusterResolver      : Resolving eureka endpoints via configuration
2024-08-28T16:21:44.083+05:30  INFO 7972 --- [File Watcher] rtingClassPathChangeChangedEventListener : Restarting due to 2 class path changes (0 additions, 0 deletions, 2 modifications)
2024-08-28T16:21:44.089+05:30  INFO 7972 --- [Thread-147] o.s.c.n.e.s.EurekaServiceRegistry        : Unregistering application LEARNERMS with eureka with status DOWN
2024-08-28T16:21:44.090+05:30  INFO 7972 --- [Thread-147] com.netflix.discovery.DiscoveryClient    : Saw local status change event StatusChangeEvent [timestamp=1724842304089, current=DOWN, previous=UP]
2024-08-28T16:21:44.091+05:30  INFO 7972 --- [DiscoveryClient-InstanceInfoReplicator-0] com.netflix.discovery.DiscoveryClient    : DiscoveryClient_LEARNERMS/192.168.1.6:learnerMS:9011: registering service...
2024-08-28T16:21:44.113+05:30  INFO 7972 --- [DiscoveryClient-InstanceInfoReplicator-0] com.netflix.discovery.DiscoveryClient    : DiscoveryClient_LEARNERMS/192.168.1.6:learnerMS:9011 - registration status: 204
2024-08-28T16:21:44.176+05:30  INFO 7972 --- [Thread-147] o.apache.catalina.core.StandardService   : Stopping service [Tomcat]
2024-08-28T16:21:44.179+05:30  INFO 7972 --- [Thread-147] o.a.c.c.C.[Tomcat-2].[localhost].[/]     : Destroying Spring FrameworkServlet 'dispatcherServlet'
2024-08-28T16:21:44.202+05:30  INFO 7972 --- [Thread-147] j.LocalContainerEntityManagerFactoryBean : Closing JPA EntityManagerFactory for persistence unit 'default'
2024-08-28T16:21:44.209+05:30  INFO 7972 --- [Thread-147] com.zaxxer.hikari.HikariDataSource       : HikariPool-26 - Shutdown initiated...
2024-08-28T16:21:44.223+05:30  INFO 7972 --- [Thread-147] com.zaxxer.hikari.HikariDataSource       : HikariPool-26 - Shutdown completed.
2024-08-28T16:21:44.224+05:30  INFO 7972 --- [Thread-147] com.netflix.discovery.DiscoveryClient    : Shutting down DiscoveryClient ...
2024-08-28T16:21:47.232+05:30  INFO 7972 --- [Thread-147] com.netflix.discovery.DiscoveryClient    : Unregistering ...
2024-08-28T16:21:47.247+05:30  INFO 7972 --- [Thread-147] com.netflix.discovery.DiscoveryClient    : DiscoveryClient_LEARNERMS/192.168.1.6:learnerMS:9011 - deregister  status: 200
2024-08-28T16:21:47.254+05:30  INFO 7972 --- [Thread-147] com.netflix.discovery.DiscoveryClient    : Completed shut down of DiscoveryClient
2024-08-28T16:21:48.377+05:30  INFO 7972 --- [restartedMain] com.MainAppLearner                       : Starting MainAppLearner using Java 17.0.10 with PID 7972 (C:\Users\HP\Capstoneproject\learner-mod\target\classes started by HP in C:\Users\HP\Capstoneproject\learner-mod)
2024-08-28T16:21:48.379+05:30  INFO 7972 --- [restartedMain] com.MainAppLearner                       : No active profile set, falling back to 1 default profile: "default"
2024-08-28T16:21:53.811+05:30  INFO 7972 --- [restartedMain] .s.d.r.c.RepositoryConfigurationDelegate : Bootstrapping Spring Data JPA repositories in DEFAULT mode.
2024-08-28T16:21:55.255+05:30  INFO 7972 --- [restartedMain] .s.d.r.c.RepositoryConfigurationDelegate : Finished Spring Data repository scanning in 1443 ms. Found 2 JPA repository interfaces.
2024-08-28T16:21:55.398+05:30  INFO 7972 --- [restartedMain] o.s.cloud.context.scope.GenericScope     : BeanFactory id=fa36a90c-ef0e-3fd3-88c5-b5649ce3fb11
2024-08-28T16:21:55.530+05:30  INFO 7972 --- [restartedMain] o.s.b.w.embedded.tomcat.TomcatWebServer  : Tomcat initialized with port(s): 9011 (http)
2024-08-28T16:21:55.533+05:30  INFO 7972 --- [restartedMain] o.apache.catalina.core.StandardService   : Starting service [Tomcat]
2024-08-28T16:21:55.533+05:30  INFO 7972 --- [restartedMain] o.apache.catalina.core.StandardEngine    : Starting Servlet engine: [Apache Tomcat/10.1.8]
2024-08-28T16:21:55.629+05:30  INFO 7972 --- [restartedMain] o.a.c.c.C.[Tomcat-2].[localhost].[/]     : Initializing Spring embedded WebApplicationContext
2024-08-28T16:21:55.629+05:30  INFO 7972 --- [restartedMain] w.s.c.ServletWebServerApplicationContext : Root WebApplicationContext: initialization completed in 7243 ms
2024-08-28T16:21:55.754+05:30  INFO 7972 --- [restartedMain] com.zaxxer.hikari.HikariDataSource       : HikariPool-27 - Starting...
2024-08-28T16:21:55.780+05:30  INFO 7972 --- [restartedMain] com.zaxxer.hikari.pool.HikariPool        : HikariPool-27 - Added connection com.mysql.cj.jdbc.ConnectionImpl@35610def
2024-08-28T16:21:55.780+05:30  INFO 7972 --- [restartedMain] com.zaxxer.hikari.HikariDataSource       : HikariPool-27 - Start completed.
2024-08-28T16:21:55.785+05:30  INFO 7972 --- [restartedMain] o.hibernate.jpa.internal.util.LogHelper  : HHH000204: Processing PersistenceUnitInfo [name: default]
2024-08-28T16:21:55.929+05:30  INFO 7972 --- [restartedMain] o.h.b.i.BytecodeProviderInitiator        : HHH000021: Bytecode provider name : bytebuddy
2024-08-28T16:21:55.931+05:30  INFO 7972 --- [restartedMain] o.s.o.j.p.SpringPersistenceUnitInfo      : No LoadTimeWeaver setup: ignoring JPA class transformer
2024-08-28T16:21:55.938+05:30  INFO 7972 --- [restartedMain] org.hibernate.orm.dialect                : HHH035001: Using dialect: org.hibernate.dialect.MySQL8Dialect, version: 8.0
2024-08-28T16:21:55.938+05:30  WARN 7972 --- [restartedMain] org.hibernate.orm.deprecation            : HHH90000026: MySQL8Dialect has been deprecated; use org.hibernate.dialect.MySQLDialect instead
2024-08-28T16:21:55.995+05:30  INFO 7972 --- [restartedMain] o.h.b.i.BytecodeProviderInitiator        : HHH000021: Bytecode provider name : bytebuddy
2024-08-28T16:21:56.141+05:30  INFO 7972 --- [restartedMain] o.h.e.t.j.p.i.JtaPlatformInitiator       : HHH000490: Using JtaPlatform implementation: [org.hibernate.engine.transaction.jta.platform.internal.NoJtaPlatform]
2024-08-28T16:21:56.142+05:30  INFO 7972 --- [restartedMain] j.LocalContainerEntityManagerFactoryBean : Initialized JPA EntityManagerFactory for persistence unit 'default'
2024-08-28T16:21:56.387+05:30  WARN 7972 --- [restartedMain] JpaBaseConfiguration$JpaWebConfiguration : spring.jpa.open-in-view is enabled by default. Therefore, database queries may be performed during view rendering. Explicitly configure spring.jpa.open-in-view to disable this warning
2024-08-28T16:21:56.785+05:30  WARN 7972 --- [restartedMain] o.s.b.d.a.OptionalLiveReloadServer       : Unable to start LiveReload server
2024-08-28T16:21:57.222+05:30  INFO 7972 --- [restartedMain] DiscoveryClientOptionalArgsConfiguration : Eureka HTTP Client uses RestTemplate.
2024-08-28T16:21:57.670+05:30  WARN 7972 --- [restartedMain] iguration$LoadBalancerCaffeineWarnLogger : Spring Cloud LoadBalancer is currently working with the default cache. While this cache implementation is useful for development and tests, it's recommended to use Caffeine cache in production.You can switch to using Caffeine cache, by adding it and org.springframework.cache.caffeine.CaffeineCacheManager to the classpath.
2024-08-28T16:21:57.690+05:30  INFO 7972 --- [restartedMain] o.s.c.n.eureka.InstanceInfoFactory       : Setting initial instance status as: STARTING
2024-08-28T16:21:57.695+05:30  INFO 7972 --- [restartedMain] com.netflix.discovery.DiscoveryClient    : Initializing Eureka in region us-east-1
2024-08-28T16:21:57.695+05:30  INFO 7972 --- [restartedMain] c.n.d.s.r.aws.ConfigClusterResolver      : Resolving eureka endpoints via configuration
2024-08-28T16:21:57.698+05:30  INFO 7972 --- [restartedMain] com.netflix.discovery.DiscoveryClient    : Disable delta property : false
2024-08-28T16:21:57.699+05:30  INFO 7972 --- [restartedMain] com.netflix.discovery.DiscoveryClient    : Single vip registry refresh property : null
2024-08-28T16:21:57.699+05:30  INFO 7972 --- [restartedMain] com.netflix.discovery.DiscoveryClient    : Force full registry fetch : false
2024-08-28T16:21:57.699+05:30  INFO 7972 --- [restartedMain] com.netflix.discovery.DiscoveryClient    : Application is null : false
2024-08-28T16:21:57.699+05:30  INFO 7972 --- [restartedMain] com.netflix.discovery.DiscoveryClient    : Registered Applications size is zero : true
2024-08-28T16:21:57.699+05:30  INFO 7972 --- [restartedMain] com.netflix.discovery.DiscoveryClient    : Application version is -1: true
2024-08-28T16:21:57.699+05:30  INFO 7972 --- [restartedMain] com.netflix.discovery.DiscoveryClient    : Getting all instance registry info from the eureka server
2024-08-28T16:21:57.725+05:30  INFO 7972 --- [restartedMain] com.netflix.discovery.DiscoveryClient    : The response status is 200
2024-08-28T16:21:57.727+05:30  INFO 7972 --- [restartedMain] com.netflix.discovery.DiscoveryClient    : Starting heartbeat executor: renew interval is: 30
2024-08-28T16:21:57.729+05:30  INFO 7972 --- [restartedMain] c.n.discovery.InstanceInfoReplicator     : InstanceInfoReplicator onDemand update allowed rate per min is 4
2024-08-28T16:21:57.731+05:30  INFO 7972 --- [restartedMain] com.netflix.discovery.DiscoveryClient    : Discovery Client initialized at timestamp 1724842317731 with initial instances count: 3
2024-08-28T16:21:57.732+05:30  INFO 7972 --- [restartedMain] o.s.c.n.e.s.EurekaServiceRegistry        : Registering application LEARNERMS with eureka with status UP
2024-08-28T16:21:57.734+05:30  INFO 7972 --- [restartedMain] com.netflix.discovery.DiscoveryClient    : Saw local status change event StatusChangeEvent [timestamp=1724842317734, current=UP, previous=STARTING]
2024-08-28T16:21:57.734+05:30  INFO 7972 --- [DiscoveryClient-InstanceInfoReplicator-0] com.netflix.discovery.DiscoveryClient    : DiscoveryClient_LEARNERMS/192.168.1.6:learnerMS:9011: registering service...
2024-08-28T16:21:57.744+05:30  INFO 7972 --- [restartedMain] o.s.b.w.embedded.tomcat.TomcatWebServer  : Tomcat started on port(s): 9011 (http) with context path ''
2024-08-28T16:21:57.745+05:30  INFO 7972 --- [restartedMain] .s.c.n.e.s.EurekaAutoServiceRegistration : Updating port to 9011
2024-08-28T16:21:57.751+05:30  INFO 7972 --- [DiscoveryClient-InstanceInfoReplicator-0] com.netflix.discovery.DiscoveryClient    : DiscoveryClient_LEARNERMS/192.168.1.6:learnerMS:9011 - registration status: 204
2024-08-28T16:21:58.150+05:30  INFO 7972 --- [restartedMain] com.MainAppLearner                       : Started MainAppLearner in 10.348 seconds (process running for 25417.477)
2024-08-28T16:21:58.152+05:30  INFO 7972 --- [restartedMain] .ConditionEvaluationDeltaLoggingListener : Condition evaluation unchanged
2024-08-28T16:22:58.619+05:30  INFO 7972 --- [File Watcher] rtingClassPathChangeChangedEventListener : Restarting due to 1 class path change (0 additions, 0 deletions, 1 modification)
2024-08-28T16:22:58.622+05:30  INFO 7972 --- [Thread-153] o.s.c.n.e.s.EurekaServiceRegistry        : Unregistering application LEARNERMS with eureka with status DOWN
2024-08-28T16:22:58.623+05:30  INFO 7972 --- [Thread-153] com.netflix.discovery.DiscoveryClient    : Saw local status change event StatusChangeEvent [timestamp=1724842378623, current=DOWN, previous=UP]
2024-08-28T16:22:58.623+05:30  INFO 7972 --- [DiscoveryClient-InstanceInfoReplicator-0] com.netflix.discovery.DiscoveryClient    : DiscoveryClient_LEARNERMS/192.168.1.6:learnerMS:9011: registering service...
2024-08-28T16:22:58.627+05:30  INFO 7972 --- [DiscoveryClient-InstanceInfoReplicator-0] com.netflix.discovery.DiscoveryClient    : DiscoveryClient_LEARNERMS/192.168.1.6:learnerMS:9011 - registration status: 204
2024-08-28T16:22:58.670+05:30  INFO 7972 --- [Thread-153] o.apache.catalina.core.StandardService   : Stopping service [Tomcat]
2024-08-28T16:22:58.683+05:30  INFO 7972 --- [Thread-153] j.LocalContainerEntityManagerFactoryBean : Closing JPA EntityManagerFactory for persistence unit 'default'
2024-08-28T16:22:58.683+05:30  INFO 7972 --- [Thread-153] com.zaxxer.hikari.HikariDataSource       : HikariPool-27 - Shutdown initiated...
2024-08-28T16:22:58.696+05:30  INFO 7972 --- [Thread-153] com.zaxxer.hikari.HikariDataSource       : HikariPool-27 - Shutdown completed.
2024-08-28T16:22:58.696+05:30  INFO 7972 --- [Thread-153] com.netflix.discovery.DiscoveryClient    : Shutting down DiscoveryClient ...
2024-08-28T16:23:01.712+05:30  INFO 7972 --- [Thread-153] com.netflix.discovery.DiscoveryClient    : Unregistering ...
2024-08-28T16:23:01.729+05:30  INFO 7972 --- [Thread-153] com.netflix.discovery.DiscoveryClient    : DiscoveryClient_LEARNERMS/192.168.1.6:learnerMS:9011 - deregister  status: 200
2024-08-28T16:23:01.734+05:30  INFO 7972 --- [Thread-153] com.netflix.discovery.DiscoveryClient    : Completed shut down of DiscoveryClient
2024-08-28T16:23:02.470+05:30  INFO 7972 --- [restartedMain] com.MainAppLearner                       : Starting MainAppLearner using Java 17.0.10 with PID 7972 (C:\Users\HP\Capstoneproject\learner-mod\target\classes started by HP in C:\Users\HP\Capstoneproject\learner-mod)
2024-08-28T16:23:02.471+05:30  INFO 7972 --- [restartedMain] com.MainAppLearner                       : No active profile set, falling back to 1 default profile: "default"
2024-08-28T16:23:07.912+05:30  INFO 7972 --- [restartedMain] .s.d.r.c.RepositoryConfigurationDelegate : Bootstrapping Spring Data JPA repositories in DEFAULT mode.
2024-08-28T16:23:09.303+05:30  INFO 7972 --- [restartedMain] .s.d.r.c.RepositoryConfigurationDelegate : Finished Spring Data repository scanning in 1390 ms. Found 2 JPA repository interfaces.
2024-08-28T16:23:09.484+05:30  INFO 7972 --- [restartedMain] o.s.cloud.context.scope.GenericScope     : BeanFactory id=fa36a90c-ef0e-3fd3-88c5-b5649ce3fb11
2024-08-28T16:23:09.733+05:30  INFO 7972 --- [restartedMain] o.s.b.w.embedded.tomcat.TomcatWebServer  : Tomcat initialized with port(s): 9011 (http)
2024-08-28T16:23:09.735+05:30  INFO 7972 --- [restartedMain] o.apache.catalina.core.StandardService   : Starting service [Tomcat]
2024-08-28T16:23:09.736+05:30  INFO 7972 --- [restartedMain] o.apache.catalina.core.StandardEngine    : Starting Servlet engine: [Apache Tomcat/10.1.8]
2024-08-28T16:23:09.879+05:30  INFO 7972 --- [restartedMain] o.a.c.c.C.[Tomcat-2].[localhost].[/]     : Initializing Spring embedded WebApplicationContext
2024-08-28T16:23:09.881+05:30  INFO 7972 --- [restartedMain] w.s.c.ServletWebServerApplicationContext : Root WebApplicationContext: initialization completed in 7404 ms
2024-08-28T16:23:10.131+05:30  INFO 7972 --- [restartedMain] com.zaxxer.hikari.HikariDataSource       : HikariPool-28 - Starting...
2024-08-28T16:23:10.159+05:30  INFO 7972 --- [restartedMain] com.zaxxer.hikari.pool.HikariPool        : HikariPool-28 - Added connection com.mysql.cj.jdbc.ConnectionImpl@e886910
2024-08-28T16:23:10.160+05:30  INFO 7972 --- [restartedMain] com.zaxxer.hikari.HikariDataSource       : HikariPool-28 - Start completed.
2024-08-28T16:23:10.164+05:30  INFO 7972 --- [restartedMain] o.hibernate.jpa.internal.util.LogHelper  : HHH000204: Processing PersistenceUnitInfo [name: default]
2024-08-28T16:23:10.291+05:30  INFO 7972 --- [restartedMain] o.h.b.i.BytecodeProviderInitiator        : HHH000021: Bytecode provider name : bytebuddy
2024-08-28T16:23:10.291+05:30  INFO 7972 --- [restartedMain] o.s.o.j.p.SpringPersistenceUnitInfo      : No LoadTimeWeaver setup: ignoring JPA class transformer
2024-08-28T16:23:10.298+05:30  INFO 7972 --- [restartedMain] org.hibernate.orm.dialect                : HHH035001: Using dialect: org.hibernate.dialect.MySQL8Dialect, version: 8.0
2024-08-28T16:23:10.298+05:30  WARN 7972 --- [restartedMain] org.hibernate.orm.deprecation            : HHH90000026: MySQL8Dialect has been deprecated; use org.hibernate.dialect.MySQLDialect instead
2024-08-28T16:23:10.354+05:30  INFO 7972 --- [restartedMain] o.h.b.i.BytecodeProviderInitiator        : HHH000021: Bytecode provider name : bytebuddy
2024-08-28T16:23:10.460+05:30  INFO 7972 --- [restartedMain] o.h.e.t.j.p.i.JtaPlatformInitiator       : HHH000490: Using JtaPlatform implementation: [org.hibernate.engine.transaction.jta.platform.internal.NoJtaPlatform]
2024-08-28T16:23:10.461+05:30  INFO 7972 --- [restartedMain] j.LocalContainerEntityManagerFactoryBean : Initialized JPA EntityManagerFactory for persistence unit 'default'
2024-08-28T16:23:10.739+05:30  WARN 7972 --- [restartedMain] JpaBaseConfiguration$JpaWebConfiguration : spring.jpa.open-in-view is enabled by default. Therefore, database queries may be performed during view rendering. Explicitly configure spring.jpa.open-in-view to disable this warning
2024-08-28T16:23:11.158+05:30  WARN 7972 --- [restartedMain] o.s.b.d.a.OptionalLiveReloadServer       : Unable to start LiveReload server
2024-08-28T16:23:11.630+05:30  INFO 7972 --- [restartedMain] DiscoveryClientOptionalArgsConfiguration : Eureka HTTP Client uses RestTemplate.
2024-08-28T16:23:12.083+05:30  WARN 7972 --- [restartedMain] iguration$LoadBalancerCaffeineWarnLogger : Spring Cloud LoadBalancer is currently working with the default cache. While this cache implementation is useful for development and tests, it's recommended to use Caffeine cache in production.You can switch to using Caffeine cache, by adding it and org.springframework.cache.caffeine.CaffeineCacheManager to the classpath.
2024-08-28T16:23:12.107+05:30  INFO 7972 --- [restartedMain] o.s.c.n.eureka.InstanceInfoFactory       : Setting initial instance status as: STARTING
2024-08-28T16:23:12.111+05:30  INFO 7972 --- [restartedMain] com.netflix.discovery.DiscoveryClient    : Initializing Eureka in region us-east-1
2024-08-28T16:23:12.111+05:30  INFO 7972 --- [restartedMain] c.n.d.s.r.aws.ConfigClusterResolver      : Resolving eureka endpoints via configuration
2024-08-28T16:23:12.112+05:30  INFO 7972 --- [restartedMain] com.netflix.discovery.DiscoveryClient    : Disable delta property : false
2024-08-28T16:23:12.113+05:30  INFO 7972 --- [restartedMain] com.netflix.discovery.DiscoveryClient    : Single vip registry refresh property : null
2024-08-28T16:23:12.113+05:30  INFO 7972 --- [restartedMain] com.netflix.discovery.DiscoveryClient    : Force full registry fetch : false
2024-08-28T16:23:12.113+05:30  INFO 7972 --- [restartedMain] com.netflix.discovery.DiscoveryClient    : Application is null : false
2024-08-28T16:23:12.113+05:30  INFO 7972 --- [restartedMain] com.netflix.discovery.DiscoveryClient    : Registered Applications size is zero : true
2024-08-28T16:23:12.113+05:30  INFO 7972 --- [restartedMain] com.netflix.discovery.DiscoveryClient    : Application version is -1: true
2024-08-28T16:23:12.113+05:30  INFO 7972 --- [restartedMain] com.netflix.discovery.DiscoveryClient    : Getting all instance registry info from the eureka server
2024-08-28T16:23:12.139+05:30  INFO 7972 --- [restartedMain] com.netflix.discovery.DiscoveryClient    : The response status is 200
2024-08-28T16:23:12.140+05:30  INFO 7972 --- [restartedMain] com.netflix.discovery.DiscoveryClient    : Starting heartbeat executor: renew interval is: 30
2024-08-28T16:23:12.143+05:30  INFO 7972 --- [restartedMain] c.n.discovery.InstanceInfoReplicator     : InstanceInfoReplicator onDemand update allowed rate per min is 4
2024-08-28T16:23:12.145+05:30  INFO 7972 --- [restartedMain] com.netflix.discovery.DiscoveryClient    : Discovery Client initialized at timestamp 1724842392145 with initial instances count: 2
2024-08-28T16:23:12.146+05:30  INFO 7972 --- [restartedMain] o.s.c.n.e.s.EurekaServiceRegistry        : Registering application LEARNERMS with eureka with status UP
2024-08-28T16:23:12.146+05:30  INFO 7972 --- [restartedMain] com.netflix.discovery.DiscoveryClient    : Saw local status change event StatusChangeEvent [timestamp=1724842392146, current=UP, previous=STARTING]
2024-08-28T16:23:12.146+05:30  INFO 7972 --- [DiscoveryClient-InstanceInfoReplicator-0] com.netflix.discovery.DiscoveryClient    : DiscoveryClient_LEARNERMS/192.168.1.6:learnerMS:9011: registering service...
2024-08-28T16:23:12.159+05:30  INFO 7972 --- [restartedMain] o.s.b.w.embedded.tomcat.TomcatWebServer  : Tomcat started on port(s): 9011 (http) with context path ''
2024-08-28T16:23:12.160+05:30  INFO 7972 --- [restartedMain] .s.c.n.e.s.EurekaAutoServiceRegistration : Updating port to 9011
2024-08-28T16:23:12.162+05:30  INFO 7972 --- [DiscoveryClient-InstanceInfoReplicator-0] com.netflix.discovery.DiscoveryClient    : DiscoveryClient_LEARNERMS/192.168.1.6:learnerMS:9011 - registration status: 204
2024-08-28T16:23:12.625+05:30  INFO 7972 --- [restartedMain] com.MainAppLearner                       : Started MainAppLearner in 10.691 seconds (process running for 25491.954)
2024-08-28T16:23:12.630+05:30  INFO 7972 --- [restartedMain] .ConditionEvaluationDeltaLoggingListener : Condition evaluation unchanged
2024-08-28T16:23:22.857+05:30  INFO 7972 --- [http-nio-9011-exec-2] o.a.c.c.C.[Tomcat-2].[localhost].[/]     : Initializing Spring DispatcherServlet 'dispatcherServlet'
2024-08-28T16:23:22.858+05:30  INFO 7972 --- [http-nio-9011-exec-2] o.s.web.servlet.DispatcherServlet        : Initializing Servlet 'dispatcherServlet'
2024-08-28T16:23:22.861+05:30  INFO 7972 --- [http-nio-9011-exec-2] o.s.web.servlet.DispatcherServlet        : Completed initialization in 3 ms
2024-08-28T16:23:22.933+05:30  WARN 7972 --- [http-nio-9011-exec-2] o.s.c.l.core.RoundRobinLoadBalancer      : No servers available for service: academy
2024-08-28T16:23:22.950+05:30  WARN 7972 --- [http-nio-9011-exec-2] .m.m.a.ExceptionHandlerExceptionResolver : Resolved [java.lang.IllegalStateException: No instances available for academy]
2024-08-28T16:24:17.060+05:30  INFO 7972 --- [File Watcher] rtingClassPathChangeChangedEventListener : Restarting due to 1 class path change (0 additions, 0 deletions, 1 modification)
2024-08-28T16:24:17.062+05:30  INFO 7972 --- [Thread-159] o.s.c.n.e.s.EurekaServiceRegistry        : Unregistering application LEARNERMS with eureka with status DOWN
2024-08-28T16:24:17.063+05:30  INFO 7972 --- [Thread-159] com.netflix.discovery.DiscoveryClient    : Saw local status change event StatusChangeEvent [timestamp=1724842457063, current=DOWN, previous=UP]
2024-08-28T16:24:17.064+05:30  INFO 7972 --- [DiscoveryClient-InstanceInfoReplicator-0] com.netflix.discovery.DiscoveryClient    : DiscoveryClient_LEARNERMS/192.168.1.6:learnerMS:9011: registering service...
2024-08-28T16:24:17.074+05:30  INFO 7972 --- [DiscoveryClient-InstanceInfoReplicator-0] com.netflix.discovery.DiscoveryClient    : DiscoveryClient_LEARNERMS/192.168.1.6:learnerMS:9011 - registration status: 204
2024-08-28T16:24:17.108+05:30  INFO 7972 --- [Thread-159] o.apache.catalina.core.StandardService   : Stopping service [Tomcat]
2024-08-28T16:24:17.109+05:30  INFO 7972 --- [Thread-159] o.a.c.c.C.[Tomcat-2].[localhost].[/]     : Destroying Spring FrameworkServlet 'dispatcherServlet'
2024-08-28T16:24:17.114+05:30  WARN 7972 --- [Thread-159] o.a.c.loader.WebappClassLoaderBase       : The web application [ROOT] appears to have started a thread named [pool-165-thread-1] but has failed to stop it. This is very likely to create a memory leak. Stack trace of thread:
 java.base@17.0.10/jdk.internal.misc.Unsafe.park(Native Method)
 java.base@17.0.10/java.util.concurrent.locks.LockSupport.park(LockSupport.java:341)
 java.base@17.0.10/java.util.concurrent.locks.AbstractQueuedSynchronizer$ConditionNode.block(AbstractQueuedSynchronizer.java:506)
 java.base@17.0.10/java.util.concurrent.ForkJoinPool.unmanagedBlock(ForkJoinPool.java:3465)
 java.base@17.0.10/java.util.concurrent.ForkJoinPool.managedBlock(ForkJoinPool.java:3436)
 java.base@17.0.10/java.util.concurrent.locks.AbstractQueuedSynchronizer$ConditionObject.await(AbstractQueuedSynchronizer.java:1623)
 java.base@17.0.10/java.util.concurrent.ScheduledThreadPoolExecutor$DelayedWorkQueue.take(ScheduledThreadPoolExecutor.java:1170)
 java.base@17.0.10/java.util.concurrent.ScheduledThreadPoolExecutor$DelayedWorkQueue.take(ScheduledThreadPoolExecutor.java:899)
 java.base@17.0.10/java.util.concurrent.ThreadPoolExecutor.getTask(ThreadPoolExecutor.java:1062)
 java.base@17.0.10/java.util.concurrent.ThreadPoolExecutor.runWorker(ThreadPoolExecutor.java:1122)
 java.base@17.0.10/java.util.concurrent.ThreadPoolExecutor$Worker.run(ThreadPoolExecutor.java:635)
 java.base@17.0.10/java.lang.Thread.run(Thread.java:842)
2024-08-28T16:24:17.116+05:30  WARN 7972 --- [Thread-159] o.a.c.loader.WebappClassLoaderBase       : The web application [ROOT] appears to have started a thread named [boundedElastic-8] but has failed to stop it. This is very likely to create a memory leak. Stack trace of thread:
 java.base@17.0.10/jdk.internal.misc.Unsafe.park(Native Method)
 java.base@17.0.10/java.util.concurrent.locks.LockSupport.park(LockSupport.java:341)
 java.base@17.0.10/java.util.concurrent.locks.AbstractQueuedSynchronizer$ConditionNode.block(AbstractQueuedSynchronizer.java:506)
 java.base@17.0.10/java.util.concurrent.ForkJoinPool.unmanagedBlock(ForkJoinPool.java:3465)
 java.base@17.0.10/java.util.concurrent.ForkJoinPool.managedBlock(ForkJoinPool.java:3436)
 java.base@17.0.10/java.util.concurrent.locks.AbstractQueuedSynchronizer$ConditionObject.await(AbstractQueuedSynchronizer.java:1623)
 java.base@17.0.10/java.util.concurrent.ScheduledThreadPoolExecutor$DelayedWorkQueue.take(ScheduledThreadPoolExecutor.java:1170)
 java.base@17.0.10/java.util.concurrent.ScheduledThreadPoolExecutor$DelayedWorkQueue.take(ScheduledThreadPoolExecutor.java:899)
 java.base@17.0.10/java.util.concurrent.ThreadPoolExecutor.getTask(ThreadPoolExecutor.java:1062)
 java.base@17.0.10/java.util.concurrent.ThreadPoolExecutor.runWorker(ThreadPoolExecutor.java:1122)
 java.base@17.0.10/java.util.concurrent.ThreadPoolExecutor$Worker.run(ThreadPoolExecutor.java:635)
 java.base@17.0.10/java.lang.Thread.run(Thread.java:842)
2024-08-28T16:24:17.122+05:30  INFO 7972 --- [Thread-159] j.LocalContainerEntityManagerFactoryBean : Closing JPA EntityManagerFactory for persistence unit 'default'
2024-08-28T16:24:17.123+05:30  INFO 7972 --- [Thread-159] com.zaxxer.hikari.HikariDataSource       : HikariPool-28 - Shutdown initiated...
2024-08-28T16:24:17.134+05:30  INFO 7972 --- [Thread-159] com.zaxxer.hikari.HikariDataSource       : HikariPool-28 - Shutdown completed.
2024-08-28T16:24:17.134+05:30  INFO 7972 --- [Thread-159] com.netflix.discovery.DiscoveryClient    : Shutting down DiscoveryClient ...
2024-08-28T16:24:20.148+05:30  INFO 7972 --- [Thread-159] com.netflix.discovery.DiscoveryClient    : Unregistering ...
2024-08-28T16:24:20.166+05:30  INFO 7972 --- [Thread-159] com.netflix.discovery.DiscoveryClient    : DiscoveryClient_LEARNERMS/192.168.1.6:learnerMS:9011 - deregister  status: 200
2024-08-28T16:24:20.170+05:30  INFO 7972 --- [Thread-159] com.netflix.discovery.DiscoveryClient    : Completed shut down of DiscoveryClient
2024-08-28T16:24:20.909+05:30  INFO 7972 --- [restartedMain] com.MainAppLearner                       : Starting MainAppLearner using Java 17.0.10 with PID 7972 (C:\Users\HP\Capstoneproject\learner-mod\target\classes started by HP in C:\Users\HP\Capstoneproject\learner-mod)
2024-08-28T16:24:20.909+05:30  INFO 7972 --- [restartedMain] com.MainAppLearner                       : No active profile set, falling back to 1 default profile: "default"
2024-08-28T16:24:26.005+05:30  INFO 7972 --- [restartedMain] .s.d.r.c.RepositoryConfigurationDelegate : Bootstrapping Spring Data JPA repositories in DEFAULT mode.
2024-08-28T16:24:27.109+05:30  INFO 7972 --- [restartedMain] .s.d.r.c.RepositoryConfigurationDelegate : Finished Spring Data repository scanning in 1102 ms. Found 2 JPA repository interfaces.
2024-08-28T16:24:27.270+05:30  INFO 7972 --- [restartedMain] o.s.cloud.context.scope.GenericScope     : BeanFactory id=fa36a90c-ef0e-3fd3-88c5-b5649ce3fb11
2024-08-28T16:24:27.416+05:30  INFO 7972 --- [restartedMain] o.s.b.w.embedded.tomcat.TomcatWebServer  : Tomcat initialized with port(s): 9011 (http)
2024-08-28T16:24:27.418+05:30  INFO 7972 --- [restartedMain] o.apache.catalina.core.StandardService   : Starting service [Tomcat]
2024-08-28T16:24:27.419+05:30  INFO 7972 --- [restartedMain] o.apache.catalina.core.StandardEngine    : Starting Servlet engine: [Apache Tomcat/10.1.8]
2024-08-28T16:24:27.548+05:30  INFO 7972 --- [restartedMain] o.a.c.c.C.[Tomcat-2].[localhost].[/]     : Initializing Spring embedded WebApplicationContext
2024-08-28T16:24:27.548+05:30  INFO 7972 --- [restartedMain] w.s.c.ServletWebServerApplicationContext : Root WebApplicationContext: initialization completed in 6634 ms
2024-08-28T16:24:27.824+05:30  INFO 7972 --- [restartedMain] com.zaxxer.hikari.HikariDataSource       : HikariPool-29 - Starting...
2024-08-28T16:24:27.854+05:30  INFO 7972 --- [restartedMain] com.zaxxer.hikari.pool.HikariPool        : HikariPool-29 - Added connection com.mysql.cj.jdbc.ConnectionImpl@67b23af0
2024-08-28T16:24:27.854+05:30  INFO 7972 --- [restartedMain] com.zaxxer.hikari.HikariDataSource       : HikariPool-29 - Start completed.
2024-08-28T16:24:27.858+05:30  INFO 7972 --- [restartedMain] o.hibernate.jpa.internal.util.LogHelper  : HHH000204: Processing PersistenceUnitInfo [name: default]
2024-08-28T16:24:27.968+05:30  INFO 7972 --- [restartedMain] o.h.b.i.BytecodeProviderInitiator        : HHH000021: Bytecode provider name : bytebuddy
2024-08-28T16:24:27.968+05:30  INFO 7972 --- [restartedMain] o.s.o.j.p.SpringPersistenceUnitInfo      : No LoadTimeWeaver setup: ignoring JPA class transformer
2024-08-28T16:24:27.972+05:30  INFO 7972 --- [restartedMain] org.hibernate.orm.dialect                : HHH035001: Using dialect: org.hibernate.dialect.MySQL8Dialect, version: 8.0
2024-08-28T16:24:27.972+05:30  WARN 7972 --- [restartedMain] org.hibernate.orm.deprecation            : HHH90000026: MySQL8Dialect has been deprecated; use org.hibernate.dialect.MySQLDialect instead
2024-08-28T16:24:28.030+05:30  INFO 7972 --- [restartedMain] o.h.b.i.BytecodeProviderInitiator        : HHH000021: Bytecode provider name : bytebuddy
2024-08-28T16:24:28.132+05:30  INFO 7972 --- [restartedMain] o.h.e.t.j.p.i.JtaPlatformInitiator       : HHH000490: Using JtaPlatform implementation: [org.hibernate.engine.transaction.jta.platform.internal.NoJtaPlatform]
2024-08-28T16:24:28.133+05:30  INFO 7972 --- [restartedMain] j.LocalContainerEntityManagerFactoryBean : Initialized JPA EntityManagerFactory for persistence unit 'default'
2024-08-28T16:24:28.380+05:30  WARN 7972 --- [restartedMain] JpaBaseConfiguration$JpaWebConfiguration : spring.jpa.open-in-view is enabled by default. Therefore, database queries may be performed during view rendering. Explicitly configure spring.jpa.open-in-view to disable this warning
2024-08-28T16:24:28.776+05:30  WARN 7972 --- [restartedMain] o.s.b.d.a.OptionalLiveReloadServer       : Unable to start LiveReload server
2024-08-28T16:24:29.215+05:30  INFO 7972 --- [restartedMain] DiscoveryClientOptionalArgsConfiguration : Eureka HTTP Client uses RestTemplate.
2024-08-28T16:24:29.634+05:30  WARN 7972 --- [restartedMain] iguration$LoadBalancerCaffeineWarnLogger : Spring Cloud LoadBalancer is currently working with the default cache. While this cache implementation is useful for development and tests, it's recommended to use Caffeine cache in production.You can switch to using Caffeine cache, by adding it and org.springframework.cache.caffeine.CaffeineCacheManager to the classpath.
2024-08-28T16:24:29.647+05:30  INFO 7972 --- [restartedMain] o.s.c.n.eureka.InstanceInfoFactory       : Setting initial instance status as: STARTING
2024-08-28T16:24:29.651+05:30  INFO 7972 --- [restartedMain] com.netflix.discovery.DiscoveryClient    : Initializing Eureka in region us-east-1
2024-08-28T16:24:29.651+05:30  INFO 7972 --- [restartedMain] c.n.d.s.r.aws.ConfigClusterResolver      : Resolving eureka endpoints via configuration
2024-08-28T16:24:29.653+05:30  INFO 7972 --- [restartedMain] com.netflix.discovery.DiscoveryClient    : Disable delta property : false
2024-08-28T16:24:29.653+05:30  INFO 7972 --- [restartedMain] com.netflix.discovery.DiscoveryClient    : Single vip registry refresh property : null
2024-08-28T16:24:29.653+05:30  INFO 7972 --- [restartedMain] com.netflix.discovery.DiscoveryClient    : Force full registry fetch : false
2024-08-28T16:24:29.653+05:30  INFO 7972 --- [restartedMain] com.netflix.discovery.DiscoveryClient    : Application is null : false
2024-08-28T16:24:29.653+05:30  INFO 7972 --- [restartedMain] com.netflix.discovery.DiscoveryClient    : Registered Applications size is zero : true
2024-08-28T16:24:29.653+05:30  INFO 7972 --- [restartedMain] com.netflix.discovery.DiscoveryClient    : Application version is -1: true
2024-08-28T16:24:29.654+05:30  INFO 7972 --- [restartedMain] com.netflix.discovery.DiscoveryClient    : Getting all instance registry info from the eureka server
2024-08-28T16:24:29.677+05:30  INFO 7972 --- [restartedMain] com.netflix.discovery.DiscoveryClient    : The response status is 200
2024-08-28T16:24:29.678+05:30  INFO 7972 --- [restartedMain] com.netflix.discovery.DiscoveryClient    : Starting heartbeat executor: renew interval is: 30
2024-08-28T16:24:29.680+05:30  INFO 7972 --- [restartedMain] c.n.discovery.InstanceInfoReplicator     : InstanceInfoReplicator onDemand update allowed rate per min is 4
2024-08-28T16:24:29.681+05:30  INFO 7972 --- [restartedMain] com.netflix.discovery.DiscoveryClient    : Discovery Client initialized at timestamp 1724842469681 with initial instances count: 3
2024-08-28T16:24:29.683+05:30  INFO 7972 --- [restartedMain] o.s.c.n.e.s.EurekaServiceRegistry        : Registering application LEARNERMS with eureka with status UP
2024-08-28T16:24:29.683+05:30  INFO 7972 --- [restartedMain] com.netflix.discovery.DiscoveryClient    : Saw local status change event StatusChangeEvent [timestamp=1724842469683, current=UP, previous=STARTING]
2024-08-28T16:24:29.683+05:30  INFO 7972 --- [DiscoveryClient-InstanceInfoReplicator-0] com.netflix.discovery.DiscoveryClient    : DiscoveryClient_LEARNERMS/192.168.1.6:learnerMS:9011: registering service...
2024-08-28T16:24:29.694+05:30  INFO 7972 --- [restartedMain] o.s.b.w.embedded.tomcat.TomcatWebServer  : Tomcat started on port(s): 9011 (http) with context path ''
2024-08-28T16:24:29.696+05:30  INFO 7972 --- [restartedMain] .s.c.n.e.s.EurekaAutoServiceRegistration : Updating port to 9011
2024-08-28T16:24:29.720+05:30  INFO 7972 --- [DiscoveryClient-InstanceInfoReplicator-0] com.netflix.discovery.DiscoveryClient    : DiscoveryClient_LEARNERMS/192.168.1.6:learnerMS:9011 - registration status: 204
2024-08-28T16:24:30.343+05:30  INFO 7972 --- [restartedMain] com.MainAppLearner                       : Started MainAppLearner in 9.967 seconds (process running for 25569.671)
2024-08-28T16:24:30.347+05:30  INFO 7972 --- [restartedMain] .ConditionEvaluationDeltaLoggingListener : Condition evaluation unchanged
2024-08-28T16:24:40.282+05:30  INFO 7972 --- [http-nio-9011-exec-4] o.a.c.c.C.[Tomcat-2].[localhost].[/]     : Initializing Spring DispatcherServlet 'dispatcherServlet'
2024-08-28T16:24:40.283+05:30  INFO 7972 --- [http-nio-9011-exec-4] o.s.web.servlet.DispatcherServlet        : Initializing Servlet 'dispatcherServlet'
2024-08-28T16:24:40.284+05:30  INFO 7972 --- [http-nio-9011-exec-4] o.s.web.servlet.DispatcherServlet        : Completed initialization in 1 ms
2024-08-28T16:24:40.333+05:30  WARN 7972 --- [http-nio-9011-exec-4] o.s.c.l.core.RoundRobinLoadBalancer      : No servers available for service: academy
2024-08-28T16:24:40.341+05:30  WARN 7972 --- [http-nio-9011-exec-4] .m.m.a.ExceptionHandlerExceptionResolver : Resolved [java.lang.IllegalStateException: No instances available for academy]
2024-08-28T16:29:29.659+05:30  INFO 7972 --- [AsyncResolver-bootstrap-executor-0] c.n.d.s.r.aws.ConfigClusterResolver      : Resolving eureka endpoints via configuration
2024-08-28T16:34:29.660+05:30  INFO 7972 --- [AsyncResolver-bootstrap-executor-0] c.n.d.s.r.aws.ConfigClusterResolver      : Resolving eureka endpoints via configuration
2024-08-28T16:39:29.675+05:30  INFO 7972 --- [AsyncResolver-bootstrap-executor-0] c.n.d.s.r.aws.ConfigClusterResolver      : Resolving eureka endpoints via configuration
2024-08-28T16:39:55.559+05:30  INFO 7972 --- [File Watcher] rtingClassPathChangeChangedEventListener : Restarting due to 1 class path change (0 additions, 0 deletions, 1 modification)
2024-08-28T16:39:55.561+05:30  INFO 7972 --- [Thread-165] o.s.c.n.e.s.EurekaServiceRegistry        : Unregistering application LEARNERMS with eureka with status DOWN
2024-08-28T16:39:55.562+05:30  INFO 7972 --- [Thread-165] com.netflix.discovery.DiscoveryClient    : Saw local status change event StatusChangeEvent [timestamp=1724843395562, current=DOWN, previous=UP]
2024-08-28T16:39:55.562+05:30  INFO 7972 --- [DiscoveryClient-InstanceInfoReplicator-0] com.netflix.discovery.DiscoveryClient    : DiscoveryClient_LEARNERMS/192.168.1.6:learnerMS:9011: registering service...
2024-08-28T16:39:55.571+05:30  INFO 7972 --- [DiscoveryClient-InstanceInfoReplicator-0] com.netflix.discovery.DiscoveryClient    : DiscoveryClient_LEARNERMS/192.168.1.6:learnerMS:9011 - registration status: 204
2024-08-28T16:39:55.603+05:30  INFO 7972 --- [Thread-165] o.apache.catalina.core.StandardService   : Stopping service [Tomcat]
2024-08-28T16:39:55.604+05:30  INFO 7972 --- [Thread-165] o.a.c.c.C.[Tomcat-2].[localhost].[/]     : Destroying Spring FrameworkServlet 'dispatcherServlet'
2024-08-28T16:39:55.609+05:30  WARN 7972 --- [Thread-165] o.a.c.loader.WebappClassLoaderBase       : The web application [ROOT] appears to have started a thread named [pool-172-thread-1] but has failed to stop it. This is very likely to create a memory leak. Stack trace of thread:
 java.base@17.0.10/jdk.internal.misc.Unsafe.park(Native Method)
 java.base@17.0.10/java.util.concurrent.locks.LockSupport.park(LockSupport.java:341)
 java.base@17.0.10/java.util.concurrent.locks.AbstractQueuedSynchronizer$ConditionNode.block(AbstractQueuedSynchronizer.java:506)
 java.base@17.0.10/java.util.concurrent.ForkJoinPool.unmanagedBlock(ForkJoinPool.java:3465)
 java.base@17.0.10/java.util.concurrent.ForkJoinPool.managedBlock(ForkJoinPool.java:3436)
 java.base@17.0.10/java.util.concurrent.locks.AbstractQueuedSynchronizer$ConditionObject.await(AbstractQueuedSynchronizer.java:1623)
 java.base@17.0.10/java.util.concurrent.ScheduledThreadPoolExecutor$DelayedWorkQueue.take(ScheduledThreadPoolExecutor.java:1170)
 java.base@17.0.10/java.util.concurrent.ScheduledThreadPoolExecutor$DelayedWorkQueue.take(ScheduledThreadPoolExecutor.java:899)
 java.base@17.0.10/java.util.concurrent.ThreadPoolExecutor.getTask(ThreadPoolExecutor.java:1062)
 java.base@17.0.10/java.util.concurrent.ThreadPoolExecutor.runWorker(ThreadPoolExecutor.java:1122)
 java.base@17.0.10/java.util.concurrent.ThreadPoolExecutor$Worker.run(ThreadPoolExecutor.java:635)
 java.base@17.0.10/java.lang.Thread.run(Thread.java:842)
2024-08-28T16:39:55.616+05:30  INFO 7972 --- [Thread-165] j.LocalContainerEntityManagerFactoryBean : Closing JPA EntityManagerFactory for persistence unit 'default'
2024-08-28T16:39:55.617+05:30  INFO 7972 --- [Thread-165] com.zaxxer.hikari.HikariDataSource       : HikariPool-29 - Shutdown initiated...
2024-08-28T16:39:55.629+05:30  INFO 7972 --- [Thread-165] com.zaxxer.hikari.HikariDataSource       : HikariPool-29 - Shutdown completed.
2024-08-28T16:39:55.629+05:30  INFO 7972 --- [Thread-165] com.netflix.discovery.DiscoveryClient    : Shutting down DiscoveryClient ...
2024-08-28T16:39:58.636+05:30  INFO 7972 --- [Thread-165] com.netflix.discovery.DiscoveryClient    : Unregistering ...
2024-08-28T16:39:58.652+05:30  INFO 7972 --- [Thread-165] com.netflix.discovery.DiscoveryClient    : DiscoveryClient_LEARNERMS/192.168.1.6:learnerMS:9011 - deregister  status: 200
2024-08-28T16:39:58.656+05:30  INFO 7972 --- [Thread-165] com.netflix.discovery.DiscoveryClient    : Completed shut down of DiscoveryClient
2024-08-28T16:39:59.320+05:30  INFO 7972 --- [restartedMain] com.MainAppLearner                       : Starting MainAppLearner using Java 17.0.10 with PID 7972 (C:\Users\HP\Capstoneproject\learner-mod\target\classes started by HP in C:\Users\HP\Capstoneproject\learner-mod)
2024-08-28T16:39:59.320+05:30  INFO 7972 --- [restartedMain] com.MainAppLearner                       : No active profile set, falling back to 1 default profile: "default"
2024-08-28T16:40:04.125+05:30  INFO 7972 --- [restartedMain] .s.d.r.c.RepositoryConfigurationDelegate : Bootstrapping Spring Data JPA repositories in DEFAULT mode.
2024-08-28T16:40:05.309+05:30  INFO 7972 --- [restartedMain] .s.d.r.c.RepositoryConfigurationDelegate : Finished Spring Data repository scanning in 1183 ms. Found 2 JPA repository interfaces.
2024-08-28T16:40:05.441+05:30  INFO 7972 --- [restartedMain] o.s.cloud.context.scope.GenericScope     : BeanFactory id=fa36a90c-ef0e-3fd3-88c5-b5649ce3fb11
2024-08-28T16:40:05.602+05:30  INFO 7972 --- [restartedMain] o.s.b.w.embedded.tomcat.TomcatWebServer  : Tomcat initialized with port(s): 9011 (http)
2024-08-28T16:40:05.603+05:30  INFO 7972 --- [restartedMain] o.apache.catalina.core.StandardService   : Starting service [Tomcat]
2024-08-28T16:40:05.604+05:30  INFO 7972 --- [restartedMain] o.apache.catalina.core.StandardEngine    : Starting Servlet engine: [Apache Tomcat/10.1.8]
2024-08-28T16:40:05.721+05:30  INFO 7972 --- [restartedMain] o.a.c.c.C.[Tomcat-2].[localhost].[/]     : Initializing Spring embedded WebApplicationContext
2024-08-28T16:40:05.721+05:30  INFO 7972 --- [restartedMain] w.s.c.ServletWebServerApplicationContext : Root WebApplicationContext: initialization completed in 6396 ms
2024-08-28T16:40:05.872+05:30  INFO 7972 --- [restartedMain] com.zaxxer.hikari.HikariDataSource       : HikariPool-30 - Starting...
2024-08-28T16:40:05.899+05:30  INFO 7972 --- [restartedMain] com.zaxxer.hikari.pool.HikariPool        : HikariPool-30 - Added connection com.mysql.cj.jdbc.ConnectionImpl@122f8e35
2024-08-28T16:40:05.899+05:30  INFO 7972 --- [restartedMain] com.zaxxer.hikari.HikariDataSource       : HikariPool-30 - Start completed.
2024-08-28T16:40:05.901+05:30  INFO 7972 --- [restartedMain] o.hibernate.jpa.internal.util.LogHelper  : HHH000204: Processing PersistenceUnitInfo [name: default]
2024-08-28T16:40:05.980+05:30  INFO 7972 --- [restartedMain] o.h.b.i.BytecodeProviderInitiator        : HHH000021: Bytecode provider name : bytebuddy
2024-08-28T16:40:05.981+05:30  INFO 7972 --- [restartedMain] o.s.o.j.p.SpringPersistenceUnitInfo      : No LoadTimeWeaver setup: ignoring JPA class transformer
2024-08-28T16:40:05.985+05:30  INFO 7972 --- [restartedMain] org.hibernate.orm.dialect                : HHH035001: Using dialect: org.hibernate.dialect.MySQL8Dialect, version: 8.0
2024-08-28T16:40:05.986+05:30  WARN 7972 --- [restartedMain] org.hibernate.orm.deprecation            : HHH90000026: MySQL8Dialect has been deprecated; use org.hibernate.dialect.MySQLDialect instead
2024-08-28T16:40:06.034+05:30  INFO 7972 --- [restartedMain] o.h.b.i.BytecodeProviderInitiator        : HHH000021: Bytecode provider name : bytebuddy
2024-08-28T16:40:06.108+05:30  INFO 7972 --- [restartedMain] o.h.e.t.j.p.i.JtaPlatformInitiator       : HHH000490: Using JtaPlatform implementation: [org.hibernate.engine.transaction.jta.platform.internal.NoJtaPlatform]
2024-08-28T16:40:06.108+05:30  INFO 7972 --- [restartedMain] j.LocalContainerEntityManagerFactoryBean : Initialized JPA EntityManagerFactory for persistence unit 'default'
2024-08-28T16:40:06.322+05:30  WARN 7972 --- [restartedMain] JpaBaseConfiguration$JpaWebConfiguration : spring.jpa.open-in-view is enabled by default. Therefore, database queries may be performed during view rendering. Explicitly configure spring.jpa.open-in-view to disable this warning
2024-08-28T16:40:06.825+05:30  WARN 7972 --- [restartedMain] o.s.b.d.a.OptionalLiveReloadServer       : Unable to start LiveReload server
2024-08-28T16:40:07.328+05:30  INFO 7972 --- [restartedMain] DiscoveryClientOptionalArgsConfiguration : Eureka HTTP Client uses RestTemplate.
2024-08-28T16:40:07.817+05:30  WARN 7972 --- [restartedMain] iguration$LoadBalancerCaffeineWarnLogger : Spring Cloud LoadBalancer is currently working with the default cache. While this cache implementation is useful for development and tests, it's recommended to use Caffeine cache in production.You can switch to using Caffeine cache, by adding it and org.springframework.cache.caffeine.CaffeineCacheManager to the classpath.
2024-08-28T16:40:07.843+05:30  INFO 7972 --- [restartedMain] o.s.c.n.eureka.InstanceInfoFactory       : Setting initial instance status as: STARTING
2024-08-28T16:40:07.849+05:30  INFO 7972 --- [restartedMain] com.netflix.discovery.DiscoveryClient    : Initializing Eureka in region us-east-1
2024-08-28T16:40:07.849+05:30  INFO 7972 --- [restartedMain] c.n.d.s.r.aws.ConfigClusterResolver      : Resolving eureka endpoints via configuration
2024-08-28T16:40:07.852+05:30  INFO 7972 --- [restartedMain] com.netflix.discovery.DiscoveryClient    : Disable delta property : false
2024-08-28T16:40:07.852+05:30  INFO 7972 --- [restartedMain] com.netflix.discovery.DiscoveryClient    : Single vip registry refresh property : null
2024-08-28T16:40:07.853+05:30  INFO 7972 --- [restartedMain] com.netflix.discovery.DiscoveryClient    : Force full registry fetch : false
2024-08-28T16:40:07.853+05:30  INFO 7972 --- [restartedMain] com.netflix.discovery.DiscoveryClient    : Application is null : false
2024-08-28T16:40:07.853+05:30  INFO 7972 --- [restartedMain] com.netflix.discovery.DiscoveryClient    : Registered Applications size is zero : true
2024-08-28T16:40:07.853+05:30  INFO 7972 --- [restartedMain] com.netflix.discovery.DiscoveryClient    : Application version is -1: true
2024-08-28T16:40:07.853+05:30  INFO 7972 --- [restartedMain] com.netflix.discovery.DiscoveryClient    : Getting all instance registry info from the eureka server
2024-08-28T16:40:07.886+05:30  INFO 7972 --- [restartedMain] com.netflix.discovery.DiscoveryClient    : The response status is 200
2024-08-28T16:40:07.889+05:30  INFO 7972 --- [restartedMain] com.netflix.discovery.DiscoveryClient    : Starting heartbeat executor: renew interval is: 30
2024-08-28T16:40:07.890+05:30  INFO 7972 --- [restartedMain] c.n.discovery.InstanceInfoReplicator     : InstanceInfoReplicator onDemand update allowed rate per min is 4
2024-08-28T16:40:07.892+05:30  INFO 7972 --- [restartedMain] com.netflix.discovery.DiscoveryClient    : Discovery Client initialized at timestamp 1724843407892 with initial instances count: 2
2024-08-28T16:40:07.894+05:30  INFO 7972 --- [restartedMain] o.s.c.n.e.s.EurekaServiceRegistry        : Registering application LEARNERMS with eureka with status UP
2024-08-28T16:40:07.895+05:30  INFO 7972 --- [restartedMain] com.netflix.discovery.DiscoveryClient    : Saw local status change event StatusChangeEvent [timestamp=1724843407895, current=UP, previous=STARTING]
2024-08-28T16:40:07.895+05:30  INFO 7972 --- [DiscoveryClient-InstanceInfoReplicator-0] com.netflix.discovery.DiscoveryClient    : DiscoveryClient_LEARNERMS/192.168.1.6:learnerMS:9011: registering service...
2024-08-28T16:40:07.912+05:30  INFO 7972 --- [DiscoveryClient-InstanceInfoReplicator-0] com.netflix.discovery.DiscoveryClient    : DiscoveryClient_LEARNERMS/192.168.1.6:learnerMS:9011 - registration status: 204
2024-08-28T16:40:07.922+05:30  INFO 7972 --- [restartedMain] o.s.b.w.embedded.tomcat.TomcatWebServer  : Tomcat started on port(s): 9011 (http) with context path ''
2024-08-28T16:40:07.923+05:30  INFO 7972 --- [restartedMain] .s.c.n.e.s.EurekaAutoServiceRegistration : Updating port to 9011
2024-08-28T16:40:08.411+05:30  INFO 7972 --- [restartedMain] com.MainAppLearner                       : Started MainAppLearner in 9.558 seconds (process running for 26507.738)
2024-08-28T16:40:08.414+05:30  INFO 7972 --- [restartedMain] .ConditionEvaluationDeltaLoggingListener : Condition evaluation unchanged
2024-08-28T16:40:19.617+05:30  INFO 7972 --- [http-nio-9011-exec-3] o.a.c.c.C.[Tomcat-2].[localhost].[/]     : Initializing Spring DispatcherServlet 'dispatcherServlet'
2024-08-28T16:40:19.617+05:30  INFO 7972 --- [http-nio-9011-exec-3] o.s.web.servlet.DispatcherServlet        : Initializing Servlet 'dispatcherServlet'
2024-08-28T16:40:19.620+05:30  INFO 7972 --- [http-nio-9011-exec-3] o.s.web.servlet.DispatcherServlet        : Completed initialization in 3 ms
2024-08-28T16:40:19.675+05:30  WARN 7972 --- [http-nio-9011-exec-3] o.s.c.l.core.RoundRobinLoadBalancer      : No servers available for service: academy
2024-08-28T16:40:19.686+05:30  WARN 7972 --- [http-nio-9011-exec-3] .m.m.a.ExceptionHandlerExceptionResolver : Resolved [java.lang.IllegalStateException: No instances available for academy]
2024-08-28T16:47:32.248+05:30  INFO 16188 --- [restartedMain] com.MainAppLearner                       : Starting MainAppLearner using Java 17.0.10 with PID 16188 (C:\Users\HP\Capstoneproject\learner-mod\target\classes started by HP in C:\Users\HP\Capstoneproject\learner-mod)
2024-08-28T16:47:32.261+05:30  INFO 16188 --- [restartedMain] com.MainAppLearner                       : No active profile set, falling back to 1 default profile: "default"
2024-08-28T16:47:32.684+05:30  INFO 16188 --- [restartedMain] .e.DevToolsPropertyDefaultsPostProcessor : Devtools property defaults active! Set 'spring.devtools.add-properties' to 'false' to disable
2024-08-28T16:47:32.687+05:30  INFO 16188 --- [restartedMain] .e.DevToolsPropertyDefaultsPostProcessor : For additional web related logging consider setting the 'logging.level.web' property to 'DEBUG'
2024-08-28T16:47:45.258+05:30  INFO 16188 --- [restartedMain] .s.d.r.c.RepositoryConfigurationDelegate : Bootstrapping Spring Data JPA repositories in DEFAULT mode.
2024-08-28T16:47:48.781+05:30  INFO 16188 --- [restartedMain] .s.d.r.c.RepositoryConfigurationDelegate : Finished Spring Data repository scanning in 3477 ms. Found 2 JPA repository interfaces.
2024-08-28T16:47:50.123+05:30  INFO 16188 --- [restartedMain] o.s.cloud.context.scope.GenericScope     : BeanFactory id=fa36a90c-ef0e-3fd3-88c5-b5649ce3fb11
2024-08-28T16:47:53.723+05:30  INFO 16188 --- [restartedMain] o.s.b.w.embedded.tomcat.TomcatWebServer  : Tomcat initialized with port(s): 9011 (http)
2024-08-28T16:47:53.785+05:30  INFO 16188 --- [restartedMain] o.apache.catalina.core.StandardService   : Starting service [Tomcat]
2024-08-28T16:47:53.789+05:30  INFO 16188 --- [restartedMain] o.apache.catalina.core.StandardEngine    : Starting Servlet engine: [Apache Tomcat/10.1.8]
2024-08-28T16:47:54.244+05:30  INFO 16188 --- [restartedMain] o.a.c.c.C.[Tomcat].[localhost].[/]       : Initializing Spring embedded WebApplicationContext
2024-08-28T16:47:54.246+05:30  INFO 16188 --- [restartedMain] w.s.c.ServletWebServerApplicationContext : Root WebApplicationContext: initialization completed in 21556 ms
2024-08-28T16:47:55.077+05:30  INFO 16188 --- [restartedMain] com.zaxxer.hikari.HikariDataSource       : HikariPool-1 - Starting...
2024-08-28T16:47:56.507+05:30  INFO 16188 --- [restartedMain] com.zaxxer.hikari.pool.HikariPool        : HikariPool-1 - Added connection com.mysql.cj.jdbc.ConnectionImpl@3fad808f
2024-08-28T16:47:56.524+05:30  INFO 16188 --- [restartedMain] com.zaxxer.hikari.HikariDataSource       : HikariPool-1 - Start completed.
2024-08-28T16:47:56.955+05:30  INFO 16188 --- [restartedMain] o.hibernate.jpa.internal.util.LogHelper  : HHH000204: Processing PersistenceUnitInfo [name: default]
2024-08-28T16:47:57.561+05:30  INFO 16188 --- [restartedMain] org.hibernate.Version                    : HHH000412: Hibernate ORM core version 6.2.2.Final
2024-08-28T16:47:57.579+05:30  INFO 16188 --- [restartedMain] org.hibernate.cfg.Environment            : HHH000406: Using bytecode reflection optimizer
2024-08-28T16:47:58.728+05:30  INFO 16188 --- [restartedMain] o.h.b.i.BytecodeProviderInitiator        : HHH000021: Bytecode provider name : bytebuddy
2024-08-28T16:47:59.541+05:30  INFO 16188 --- [restartedMain] o.s.o.j.p.SpringPersistenceUnitInfo      : No LoadTimeWeaver setup: ignoring JPA class transformer
2024-08-28T16:47:59.785+05:30  INFO 16188 --- [restartedMain] org.hibernate.orm.dialect                : HHH035001: Using dialect: org.hibernate.dialect.MySQL8Dialect, version: 8.0
2024-08-28T16:47:59.792+05:30  WARN 16188 --- [restartedMain] org.hibernate.orm.deprecation            : HHH90000026: MySQL8Dialect has been deprecated; use org.hibernate.dialect.MySQLDialect instead
2024-08-28T16:48:00.814+05:30  INFO 16188 --- [restartedMain] o.h.b.i.BytecodeProviderInitiator        : HHH000021: Bytecode provider name : bytebuddy
2024-08-28T16:48:03.861+05:30  INFO 16188 --- [restartedMain] o.h.e.t.j.p.i.JtaPlatformInitiator       : HHH000490: Using JtaPlatform implementation: [org.hibernate.engine.transaction.jta.platform.internal.NoJtaPlatform]
2024-08-28T16:48:03.876+05:30  INFO 16188 --- [restartedMain] j.LocalContainerEntityManagerFactoryBean : Initialized JPA EntityManagerFactory for persistence unit 'default'
2024-08-28T16:48:06.842+05:30  WARN 16188 --- [restartedMain] JpaBaseConfiguration$JpaWebConfiguration : spring.jpa.open-in-view is enabled by default. Therefore, database queries may be performed during view rendering. Explicitly configure spring.jpa.open-in-view to disable this warning
2024-08-28T16:48:09.601+05:30  WARN 16188 --- [restartedMain] o.s.b.d.a.OptionalLiveReloadServer       : Unable to start LiveReload server
2024-08-28T16:48:10.255+05:30  INFO 16188 --- [restartedMain] DiscoveryClientOptionalArgsConfiguration : Eureka HTTP Client uses RestTemplate.
2024-08-28T16:48:10.991+05:30  WARN 16188 --- [restartedMain] iguration$LoadBalancerCaffeineWarnLogger : Spring Cloud LoadBalancer is currently working with the default cache. While this cache implementation is useful for development and tests, it's recommended to use Caffeine cache in production.You can switch to using Caffeine cache, by adding it and org.springframework.cache.caffeine.CaffeineCacheManager to the classpath.
2024-08-28T16:48:11.141+05:30  INFO 16188 --- [restartedMain] o.s.c.n.eureka.InstanceInfoFactory       : Setting initial instance status as: STARTING
2024-08-28T16:48:11.699+05:30  INFO 16188 --- [restartedMain] com.netflix.discovery.DiscoveryClient    : Initializing Eureka in region us-east-1
2024-08-28T16:48:11.726+05:30  INFO 16188 --- [restartedMain] c.n.d.s.r.aws.ConfigClusterResolver      : Resolving eureka endpoints via configuration
2024-08-28T16:48:11.882+05:30  INFO 16188 --- [restartedMain] com.netflix.discovery.DiscoveryClient    : Disable delta property : false
2024-08-28T16:48:11.883+05:30  INFO 16188 --- [restartedMain] com.netflix.discovery.DiscoveryClient    : Single vip registry refresh property : null
2024-08-28T16:48:11.884+05:30  INFO 16188 --- [restartedMain] com.netflix.discovery.DiscoveryClient    : Force full registry fetch : false
2024-08-28T16:48:11.886+05:30  INFO 16188 --- [restartedMain] com.netflix.discovery.DiscoveryClient    : Application is null : false
2024-08-28T16:48:11.887+05:30  INFO 16188 --- [restartedMain] com.netflix.discovery.DiscoveryClient    : Registered Applications size is zero : true
2024-08-28T16:48:11.888+05:30  INFO 16188 --- [restartedMain] com.netflix.discovery.DiscoveryClient    : Application version is -1: true
2024-08-28T16:48:11.888+05:30  INFO 16188 --- [restartedMain] com.netflix.discovery.DiscoveryClient    : Getting all instance registry info from the eureka server
2024-08-28T16:48:13.719+05:30  INFO 16188 --- [restartedMain] com.netflix.discovery.DiscoveryClient    : The response status is 200
2024-08-28T16:48:13.729+05:30  INFO 16188 --- [restartedMain] com.netflix.discovery.DiscoveryClient    : Starting heartbeat executor: renew interval is: 30
2024-08-28T16:48:13.741+05:30  INFO 16188 --- [restartedMain] c.n.discovery.InstanceInfoReplicator     : InstanceInfoReplicator onDemand update allowed rate per min is 4
2024-08-28T16:48:13.761+05:30  INFO 16188 --- [restartedMain] com.netflix.discovery.DiscoveryClient    : Discovery Client initialized at timestamp 1724843893758 with initial instances count: 1
2024-08-28T16:48:13.773+05:30  INFO 16188 --- [restartedMain] o.s.c.n.e.s.EurekaServiceRegistry        : Registering application LEARNERMS with eureka with status UP
2024-08-28T16:48:13.780+05:30  INFO 16188 --- [restartedMain] com.netflix.discovery.DiscoveryClient    : Saw local status change event StatusChangeEvent [timestamp=1724843893780, current=UP, previous=STARTING]
2024-08-28T16:48:13.791+05:30  INFO 16188 --- [DiscoveryClient-InstanceInfoReplicator-0] com.netflix.discovery.DiscoveryClient    : DiscoveryClient_LEARNERMS/192.168.1.6:learnerMS:9011: registering service...
2024-08-28T16:48:13.950+05:30  INFO 16188 --- [restartedMain] o.s.b.w.embedded.tomcat.TomcatWebServer  : Tomcat started on port(s): 9011 (http) with context path ''
2024-08-28T16:48:13.954+05:30  INFO 16188 --- [restartedMain] .s.c.n.e.s.EurekaAutoServiceRegistration : Updating port to 9011
2024-08-28T16:48:14.010+05:30  INFO 16188 --- [DiscoveryClient-InstanceInfoReplicator-0] com.netflix.discovery.DiscoveryClient    : DiscoveryClient_LEARNERMS/192.168.1.6:learnerMS:9011 - registration status: 204
2024-08-28T16:48:14.394+05:30  INFO 16188 --- [restartedMain] com.MainAppLearner                       : Started MainAppLearner in 45.085 seconds (process running for 47.81)
2024-08-28T16:49:05.156+05:30  INFO 16188 --- [http-nio-9011-exec-1] o.a.c.c.C.[Tomcat].[localhost].[/]       : Initializing Spring DispatcherServlet 'dispatcherServlet'
2024-08-28T16:49:05.159+05:30  INFO 16188 --- [http-nio-9011-exec-1] o.s.web.servlet.DispatcherServlet        : Initializing Servlet 'dispatcherServlet'
2024-08-28T16:49:05.167+05:30  INFO 16188 --- [http-nio-9011-exec-1] o.s.web.servlet.DispatcherServlet        : Completed initialization in 4 ms
2024-08-28T16:53:11.907+05:30  INFO 16188 --- [AsyncResolver-bootstrap-executor-0] c.n.d.s.r.aws.ConfigClusterResolver      : Resolving eureka endpoints via configuration
2024-08-28T16:58:11.917+05:30  INFO 16188 --- [AsyncResolver-bootstrap-executor-0] c.n.d.s.r.aws.ConfigClusterResolver      : Resolving eureka endpoints via configuration
2024-08-28T17:03:11.920+05:30  INFO 16188 --- [AsyncResolver-bootstrap-executor-0] c.n.d.s.r.aws.ConfigClusterResolver      : Resolving eureka endpoints via configuration
2024-08-28T17:08:11.935+05:30  INFO 16188 --- [AsyncResolver-bootstrap-executor-0] c.n.d.s.r.aws.ConfigClusterResolver      : Resolving eureka endpoints via configuration
2024-08-28T17:13:11.948+05:30  INFO 16188 --- [AsyncResolver-bootstrap-executor-0] c.n.d.s.r.aws.ConfigClusterResolver      : Resolving eureka endpoints via configuration
2024-08-28T17:18:11.962+05:30  INFO 16188 --- [AsyncResolver-bootstrap-executor-0] c.n.d.s.r.aws.ConfigClusterResolver      : Resolving eureka endpoints via configuration
2024-08-28T17:23:11.964+05:30  INFO 16188 --- [AsyncResolver-bootstrap-executor-0] c.n.d.s.r.aws.ConfigClusterResolver      : Resolving eureka endpoints via configuration
2024-08-28T17:28:11.970+05:30  INFO 16188 --- [AsyncResolver-bootstrap-executor-0] c.n.d.s.r.aws.ConfigClusterResolver      : Resolving eureka endpoints via configuration
2024-08-28T17:33:11.974+05:30  INFO 16188 --- [AsyncResolver-bootstrap-executor-0] c.n.d.s.r.aws.ConfigClusterResolver      : Resolving eureka endpoints via configuration
2024-08-28T17:38:11.978+05:30  INFO 16188 --- [AsyncResolver-bootstrap-executor-0] c.n.d.s.r.aws.ConfigClusterResolver      : Resolving eureka endpoints via configuration
2024-08-28T17:43:11.986+05:30  INFO 16188 --- [AsyncResolver-bootstrap-executor-0] c.n.d.s.r.aws.ConfigClusterResolver      : Resolving eureka endpoints via configuration
2024-08-28T17:48:11.994+05:30  INFO 16188 --- [AsyncResolver-bootstrap-executor-0] c.n.d.s.r.aws.ConfigClusterResolver      : Resolving eureka endpoints via configuration
2024-08-28T17:53:11.998+05:30  INFO 16188 --- [AsyncResolver-bootstrap-executor-0] c.n.d.s.r.aws.ConfigClusterResolver      : Resolving eureka endpoints via configuration
2024-08-28T17:58:12.008+05:30  INFO 16188 --- [AsyncResolver-bootstrap-executor-0] c.n.d.s.r.aws.ConfigClusterResolver      : Resolving eureka endpoints via configuration
2024-08-28T18:03:12.013+05:30  INFO 16188 --- [AsyncResolver-bootstrap-executor-0] c.n.d.s.r.aws.ConfigClusterResolver      : Resolving eureka endpoints via configuration
2024-08-28T18:08:12.020+05:30  INFO 16188 --- [AsyncResolver-bootstrap-executor-0] c.n.d.s.r.aws.ConfigClusterResolver      : Resolving eureka endpoints via configuration
2024-08-28T18:13:12.036+05:30  INFO 16188 --- [AsyncResolver-bootstrap-executor-0] c.n.d.s.r.aws.ConfigClusterResolver      : Resolving eureka endpoints via configuration
2024-08-28T18:18:12.054+05:30  INFO 16188 --- [AsyncResolver-bootstrap-executor-0] c.n.d.s.r.aws.ConfigClusterResolver      : Resolving eureka endpoints via configuration
2024-08-28T18:23:12.060+05:30  INFO 16188 --- [AsyncResolver-bootstrap-executor-0] c.n.d.s.r.aws.ConfigClusterResolver      : Resolving eureka endpoints via configuration
2024-08-28T18:28:12.074+05:30  INFO 16188 --- [AsyncResolver-bootstrap-executor-0] c.n.d.s.r.aws.ConfigClusterResolver      : Resolving eureka endpoints via configuration
2024-08-28T18:33:12.079+05:30  INFO 16188 --- [AsyncResolver-bootstrap-executor-0] c.n.d.s.r.aws.ConfigClusterResolver      : Resolving eureka endpoints via configuration
2024-08-28T18:38:12.083+05:30  INFO 16188 --- [AsyncResolver-bootstrap-executor-0] c.n.d.s.r.aws.ConfigClusterResolver      : Resolving eureka endpoints via configuration
2024-08-28T18:43:12.093+05:30  INFO 16188 --- [AsyncResolver-bootstrap-executor-0] c.n.d.s.r.aws.ConfigClusterResolver      : Resolving eureka endpoints via configuration
2024-08-28T18:48:12.095+05:30  INFO 16188 --- [AsyncResolver-bootstrap-executor-0] c.n.d.s.r.aws.ConfigClusterResolver      : Resolving eureka endpoints via configuration
