2024-08-28T14:41:23.271+05:30  INFO 12700 --- [restartedMain] com.MainAppAcademy                       : Starting MainAppAcademy using Java 17.0.10 with PID 12700 (C:\Users\HP\Capstoneproject\academy-mod\target\classes started by HP in C:\Users\HP\Capstoneproject\academy-mod)
2024-08-28T14:41:23.274+05:30  INFO 12700 --- [restartedMain] com.MainAppAcademy                       : No active profile set, falling back to 1 default profile: "default"
2024-08-28T14:41:30.620+05:30  INFO 12700 --- [restartedMain] .s.d.r.c.RepositoryConfigurationDelegate : Bootstrapping Spring Data JPA repositories in DEFAULT mode.
2024-08-28T14:41:32.613+05:30  INFO 12700 --- [restartedMain] .s.d.r.c.RepositoryConfigurationDelegate : Finished Spring Data repository scanning in 1982 ms. Found 1 JPA repository interfaces.
2024-08-28T14:41:33.434+05:30  INFO 12700 --- [restartedMain] o.s.cloud.context.scope.GenericScope     : BeanFactory id=779648df-aa9d-30c1-ac51-f090e1ffa639
2024-08-28T14:41:34.335+05:30  INFO 12700 --- [restartedMain] o.s.b.w.embedded.tomcat.TomcatWebServer  : Tomcat initialized with port(s): 9010 (http)
2024-08-28T14:41:34.359+05:30  INFO 12700 --- [restartedMain] o.apache.catalina.core.StandardService   : Starting service [Tomcat]
2024-08-28T14:41:34.367+05:30  INFO 12700 --- [restartedMain] o.apache.catalina.core.StandardEngine    : Starting Servlet engine: [Apache Tomcat/10.1.8]
2024-08-28T14:41:34.673+05:30  INFO 12700 --- [restartedMain] o.a.c.c.C.[Tomcat].[localhost].[/]       : Initializing Spring embedded WebApplicationContext
2024-08-28T14:41:34.675+05:30  INFO 12700 --- [restartedMain] w.s.c.ServletWebServerApplicationContext : Root WebApplicationContext: initialization completed in 11380 ms
2024-08-28T14:41:35.143+05:30  INFO 12700 --- [restartedMain] com.zaxxer.hikari.HikariDataSource       : HikariPool-2 - Starting...
2024-08-28T14:41:35.201+05:30  INFO 12700 --- [restartedMain] com.zaxxer.hikari.pool.HikariPool        : HikariPool-2 - Added connection com.mysql.cj.jdbc.ConnectionImpl@2717f170
2024-08-28T14:41:35.202+05:30  INFO 12700 --- [restartedMain] com.zaxxer.hikari.HikariDataSource       : HikariPool-2 - Start completed.
2024-08-28T14:41:35.210+05:30  INFO 12700 --- [restartedMain] o.hibernate.jpa.internal.util.LogHelper  : HHH000204: Processing PersistenceUnitInfo [name: default]
2024-08-28T14:41:35.343+05:30  INFO 12700 --- [restartedMain] o.h.b.i.BytecodeProviderInitiator        : HHH000021: Bytecode provider name : bytebuddy
2024-08-28T14:41:35.351+05:30  INFO 12700 --- [restartedMain] o.s.o.j.p.SpringPersistenceUnitInfo      : No LoadTimeWeaver setup: ignoring JPA class transformer
2024-08-28T14:41:35.401+05:30  INFO 12700 --- [restartedMain] org.hibernate.orm.dialect                : HHH035001: Using dialect: org.hibernate.dialect.MySQL8Dialect, version: 8.0
2024-08-28T14:41:35.404+05:30  WARN 12700 --- [restartedMain] org.hibernate.orm.deprecation            : HHH90000026: MySQL8Dialect has been deprecated; use org.hibernate.dialect.MySQLDialect instead
2024-08-28T14:41:35.539+05:30  INFO 12700 --- [restartedMain] o.h.b.i.BytecodeProviderInitiator        : HHH000021: Bytecode provider name : bytebuddy
2024-08-28T14:41:35.868+05:30  INFO 12700 --- [restartedMain] o.h.e.t.j.p.i.JtaPlatformInitiator       : HHH000490: Using JtaPlatform implementation: [org.hibernate.engine.transaction.jta.platform.internal.NoJtaPlatform]
2024-08-28T14:41:35.873+05:30  INFO 12700 --- [restartedMain] j.LocalContainerEntityManagerFactoryBean : Initialized JPA EntityManagerFactory for persistence unit 'default'
2024-08-28T14:41:36.487+05:30  WARN 12700 --- [restartedMain] JpaBaseConfiguration$JpaWebConfiguration : spring.jpa.open-in-view is enabled by default. Therefore, database queries may be performed during view rendering. Explicitly configure spring.jpa.open-in-view to disable this warning
2024-08-28T14:41:38.053+05:30  INFO 12700 --- [restartedMain] o.s.b.d.a.OptionalLiveReloadServer       : LiveReload server is running on port 35729
2024-08-28T14:41:38.599+05:30  INFO 12700 --- [restartedMain] DiscoveryClientOptionalArgsConfiguration : Eureka HTTP Client uses RestTemplate.
2024-08-28T14:41:39.133+05:30  WARN 12700 --- [restartedMain] iguration$LoadBalancerCaffeineWarnLogger : Spring Cloud LoadBalancer is currently working with the default cache. While this cache implementation is useful for development and tests, it's recommended to use Caffeine cache in production.You can switch to using Caffeine cache, by adding it and org.springframework.cache.caffeine.CaffeineCacheManager to the classpath.
2024-08-28T14:41:39.155+05:30  INFO 12700 --- [restartedMain] o.s.c.n.eureka.InstanceInfoFactory       : Setting initial instance status as: STARTING
2024-08-28T14:41:39.167+05:30  INFO 12700 --- [restartedMain] com.netflix.discovery.DiscoveryClient    : Initializing Eureka in region us-east-1
2024-08-28T14:41:39.176+05:30  INFO 12700 --- [restartedMain] c.n.d.s.r.aws.ConfigClusterResolver      : Resolving eureka endpoints via configuration
2024-08-28T14:41:39.213+05:30  INFO 12700 --- [restartedMain] com.netflix.discovery.DiscoveryClient    : Disable delta property : false
2024-08-28T14:41:39.214+05:30  INFO 12700 --- [restartedMain] com.netflix.discovery.DiscoveryClient    : Single vip registry refresh property : null
2024-08-28T14:41:39.215+05:30  INFO 12700 --- [restartedMain] com.netflix.discovery.DiscoveryClient    : Force full registry fetch : false
2024-08-28T14:41:39.216+05:30  INFO 12700 --- [restartedMain] com.netflix.discovery.DiscoveryClient    : Application is null : false
2024-08-28T14:41:39.216+05:30  INFO 12700 --- [restartedMain] com.netflix.discovery.DiscoveryClient    : Registered Applications size is zero : true
2024-08-28T14:41:39.216+05:30  INFO 12700 --- [restartedMain] com.netflix.discovery.DiscoveryClient    : Application version is -1: true
2024-08-28T14:41:39.217+05:30  INFO 12700 --- [restartedMain] com.netflix.discovery.DiscoveryClient    : Getting all instance registry info from the eureka server
2024-08-28T14:41:39.312+05:30  INFO 12700 --- [restartedMain] com.netflix.discovery.DiscoveryClient    : The response status is 200
2024-08-28T14:41:39.314+05:30  INFO 12700 --- [restartedMain] com.netflix.discovery.DiscoveryClient    : Starting heartbeat executor: renew interval is: 30
2024-08-28T14:41:39.318+05:30  INFO 12700 --- [restartedMain] c.n.discovery.InstanceInfoReplicator     : InstanceInfoReplicator onDemand update allowed rate per min is 4
2024-08-28T14:41:39.325+05:30  INFO 12700 --- [restartedMain] com.netflix.discovery.DiscoveryClient    : Discovery Client initialized at timestamp 1724836299325 with initial instances count: 1
2024-08-28T14:41:39.333+05:30  INFO 12700 --- [restartedMain] o.s.c.n.e.s.EurekaServiceRegistry        : Registering application ACADEMYMS with eureka with status UP
2024-08-28T14:41:39.334+05:30  INFO 12700 --- [restartedMain] com.netflix.discovery.DiscoveryClient    : Saw local status change event StatusChangeEvent [timestamp=1724836299334, current=UP, previous=STARTING]
2024-08-28T14:41:39.336+05:30  INFO 12700 --- [DiscoveryClient-InstanceInfoReplicator-0] com.netflix.discovery.DiscoveryClient    : DiscoveryClient_ACADEMYMS/192.168.1.6:academyMS:9010: registering service...
2024-08-28T14:41:39.356+05:30  INFO 12700 --- [restartedMain] o.s.b.w.embedded.tomcat.TomcatWebServer  : Tomcat started on port(s): 9010 (http) with context path ''
2024-08-28T14:41:39.358+05:30  INFO 12700 --- [DiscoveryClient-InstanceInfoReplicator-0] com.netflix.discovery.DiscoveryClient    : DiscoveryClient_ACADEMYMS/192.168.1.6:academyMS:9010 - registration status: 204
2024-08-28T14:41:39.359+05:30  INFO 12700 --- [restartedMain] .s.c.n.e.s.EurekaAutoServiceRegistration : Updating port to 9010
2024-08-28T14:41:39.796+05:30  INFO 12700 --- [restartedMain] com.MainAppAcademy                       : Started MainAppAcademy in 18.848 seconds (process running for 19449.159)
2024-08-28T14:41:39.806+05:30  INFO 12700 --- [restartedMain] .ConditionEvaluationDeltaLoggingListener : Condition evaluation unchanged
2024-08-28T14:46:39.225+05:30  INFO 12700 --- [AsyncResolver-bootstrap-executor-0] c.n.d.s.r.aws.ConfigClusterResolver      : Resolving eureka endpoints via configuration
2024-08-28T14:51:39.235+05:30  INFO 12700 --- [AsyncResolver-bootstrap-executor-0] c.n.d.s.r.aws.ConfigClusterResolver      : Resolving eureka endpoints via configuration
2024-08-28T14:56:39.244+05:30  INFO 12700 --- [AsyncResolver-bootstrap-executor-0] c.n.d.s.r.aws.ConfigClusterResolver      : Resolving eureka endpoints via configuration
2024-08-28T15:01:39.257+05:30  INFO 12700 --- [AsyncResolver-bootstrap-executor-0] c.n.d.s.r.aws.ConfigClusterResolver      : Resolving eureka endpoints via configuration
2024-08-28T15:06:39.259+05:30  INFO 12700 --- [AsyncResolver-bootstrap-executor-0] c.n.d.s.r.aws.ConfigClusterResolver      : Resolving eureka endpoints via configuration
2024-08-28T15:11:39.266+05:30  INFO 12700 --- [AsyncResolver-bootstrap-executor-0] c.n.d.s.r.aws.ConfigClusterResolver      : Resolving eureka endpoints via configuration
2024-08-28T15:16:39.277+05:30  INFO 12700 --- [AsyncResolver-bootstrap-executor-0] c.n.d.s.r.aws.ConfigClusterResolver      : Resolving eureka endpoints via configuration
2024-08-28T15:21:39.290+05:30  INFO 12700 --- [AsyncResolver-bootstrap-executor-0] c.n.d.s.r.aws.ConfigClusterResolver      : Resolving eureka endpoints via configuration
2024-08-28T15:26:39.304+05:30  INFO 12700 --- [AsyncResolver-bootstrap-executor-0] c.n.d.s.r.aws.ConfigClusterResolver      : Resolving eureka endpoints via configuration
2024-08-28T15:31:39.320+05:30  INFO 12700 --- [AsyncResolver-bootstrap-executor-0] c.n.d.s.r.aws.ConfigClusterResolver      : Resolving eureka endpoints via configuration
2024-08-28T15:36:39.335+05:30  INFO 12700 --- [AsyncResolver-bootstrap-executor-0] c.n.d.s.r.aws.ConfigClusterResolver      : Resolving eureka endpoints via configuration
2024-08-28T15:41:39.345+05:30  INFO 12700 --- [AsyncResolver-bootstrap-executor-0] c.n.d.s.r.aws.ConfigClusterResolver      : Resolving eureka endpoints via configuration
2024-08-28T15:46:39.358+05:30  INFO 12700 --- [AsyncResolver-bootstrap-executor-0] c.n.d.s.r.aws.ConfigClusterResolver      : Resolving eureka endpoints via configuration
2024-08-28T15:51:39.366+05:30  INFO 12700 --- [AsyncResolver-bootstrap-executor-0] c.n.d.s.r.aws.ConfigClusterResolver      : Resolving eureka endpoints via configuration
2024-08-28T15:56:39.369+05:30  INFO 12700 --- [AsyncResolver-bootstrap-executor-0] c.n.d.s.r.aws.ConfigClusterResolver      : Resolving eureka endpoints via configuration
2024-08-28T16:01:39.384+05:30  INFO 12700 --- [AsyncResolver-bootstrap-executor-0] c.n.d.s.r.aws.ConfigClusterResolver      : Resolving eureka endpoints via configuration
2024-08-28T16:06:39.399+05:30  INFO 12700 --- [AsyncResolver-bootstrap-executor-0] c.n.d.s.r.aws.ConfigClusterResolver      : Resolving eureka endpoints via configuration
2024-08-28T16:11:39.411+05:30  INFO 12700 --- [AsyncResolver-bootstrap-executor-0] c.n.d.s.r.aws.ConfigClusterResolver      : Resolving eureka endpoints via configuration
2024-08-28T16:16:39.417+05:30  INFO 12700 --- [AsyncResolver-bootstrap-executor-0] c.n.d.s.r.aws.ConfigClusterResolver      : Resolving eureka endpoints via configuration
2024-08-28T16:21:39.432+05:30  INFO 12700 --- [AsyncResolver-bootstrap-executor-0] c.n.d.s.r.aws.ConfigClusterResolver      : Resolving eureka endpoints via configuration
2024-08-28T16:26:39.444+05:30  INFO 12700 --- [AsyncResolver-bootstrap-executor-0] c.n.d.s.r.aws.ConfigClusterResolver      : Resolving eureka endpoints via configuration
2024-08-28T16:31:39.458+05:30  INFO 12700 --- [AsyncResolver-bootstrap-executor-0] c.n.d.s.r.aws.ConfigClusterResolver      : Resolving eureka endpoints via configuration
2024-08-28T16:36:39.463+05:30  INFO 12700 --- [AsyncResolver-bootstrap-executor-0] c.n.d.s.r.aws.ConfigClusterResolver      : Resolving eureka endpoints via configuration
2024-08-28T16:41:39.468+05:30  INFO 12700 --- [AsyncResolver-bootstrap-executor-0] c.n.d.s.r.aws.ConfigClusterResolver      : Resolving eureka endpoints via configuration
2024-08-28T16:43:34.772+05:30  INFO 7232 --- [restartedMain] com.MainAppAcademy                       : Starting MainAppAcademy using Java 17.0.10 with PID 7232 (C:\Users\HP\Capstoneproject\academy-mod\target\classes started by HP in C:\Users\HP\Capstoneproject\academy-mod)
2024-08-28T16:43:34.793+05:30  INFO 7232 --- [restartedMain] com.MainAppAcademy                       : No active profile set, falling back to 1 default profile: "default"
2024-08-28T16:43:35.074+05:30  INFO 7232 --- [restartedMain] .e.DevToolsPropertyDefaultsPostProcessor : Devtools property defaults active! Set 'spring.devtools.add-properties' to 'false' to disable
2024-08-28T16:43:35.076+05:30  INFO 7232 --- [restartedMain] .e.DevToolsPropertyDefaultsPostProcessor : For additional web related logging consider setting the 'logging.level.web' property to 'DEBUG'
2024-08-28T16:43:51.919+05:30  INFO 7232 --- [restartedMain] .s.d.r.c.RepositoryConfigurationDelegate : Bootstrapping Spring Data JPA repositories in DEFAULT mode.
2024-08-28T16:43:55.547+05:30  INFO 7232 --- [restartedMain] .s.d.r.c.RepositoryConfigurationDelegate : Finished Spring Data repository scanning in 3589 ms. Found 1 JPA repository interfaces.
2024-08-28T16:43:56.940+05:30  INFO 7232 --- [restartedMain] o.s.cloud.context.scope.GenericScope     : BeanFactory id=779648df-aa9d-30c1-ac51-f090e1ffa639
2024-08-28T16:44:00.162+05:30  INFO 7232 --- [restartedMain] o.s.b.w.embedded.tomcat.TomcatWebServer  : Tomcat initialized with port(s): 9010 (http)
2024-08-28T16:44:00.216+05:30  INFO 7232 --- [restartedMain] o.apache.catalina.core.StandardService   : Starting service [Tomcat]
2024-08-28T16:44:00.217+05:30  INFO 7232 --- [restartedMain] o.apache.catalina.core.StandardEngine    : Starting Servlet engine: [Apache Tomcat/10.1.8]
2024-08-28T16:44:00.638+05:30  INFO 7232 --- [restartedMain] o.a.c.c.C.[Tomcat].[localhost].[/]       : Initializing Spring embedded WebApplicationContext
2024-08-28T16:44:00.643+05:30  INFO 7232 --- [restartedMain] w.s.c.ServletWebServerApplicationContext : Root WebApplicationContext: initialization completed in 25564 ms
2024-08-28T16:44:01.388+05:30  INFO 7232 --- [restartedMain] com.zaxxer.hikari.HikariDataSource       : HikariPool-1 - Starting...
2024-08-28T16:44:03.059+05:30  INFO 7232 --- [restartedMain] com.zaxxer.hikari.pool.HikariPool        : HikariPool-1 - Added connection com.mysql.cj.jdbc.ConnectionImpl@6e00e18e
2024-08-28T16:44:03.070+05:30  INFO 7232 --- [restartedMain] com.zaxxer.hikari.HikariDataSource       : HikariPool-1 - Start completed.
2024-08-28T16:44:03.403+05:30  INFO 7232 --- [restartedMain] o.hibernate.jpa.internal.util.LogHelper  : HHH000204: Processing PersistenceUnitInfo [name: default]
2024-08-28T16:44:03.902+05:30  INFO 7232 --- [restartedMain] org.hibernate.Version                    : HHH000412: Hibernate ORM core version 6.2.2.Final
2024-08-28T16:44:03.913+05:30  INFO 7232 --- [restartedMain] org.hibernate.cfg.Environment            : HHH000406: Using bytecode reflection optimizer
2024-08-28T16:44:04.948+05:30  INFO 7232 --- [restartedMain] o.h.b.i.BytecodeProviderInitiator        : HHH000021: Bytecode provider name : bytebuddy
2024-08-28T16:44:05.741+05:30  INFO 7232 --- [restartedMain] o.s.o.j.p.SpringPersistenceUnitInfo      : No LoadTimeWeaver setup: ignoring JPA class transformer
2024-08-28T16:44:06.026+05:30  INFO 7232 --- [restartedMain] org.hibernate.orm.dialect                : HHH035001: Using dialect: org.hibernate.dialect.MySQL8Dialect, version: 8.0
2024-08-28T16:44:06.035+05:30  WARN 7232 --- [restartedMain] org.hibernate.orm.deprecation            : HHH90000026: MySQL8Dialect has been deprecated; use org.hibernate.dialect.MySQLDialect instead
2024-08-28T16:44:07.219+05:30  INFO 7232 --- [restartedMain] o.h.b.i.BytecodeProviderInitiator        : HHH000021: Bytecode provider name : bytebuddy
2024-08-28T16:44:10.169+05:30  INFO 7232 --- [restartedMain] o.h.e.t.j.p.i.JtaPlatformInitiator       : HHH000490: Using JtaPlatform implementation: [org.hibernate.engine.transaction.jta.platform.internal.NoJtaPlatform]
2024-08-28T16:44:10.182+05:30  INFO 7232 --- [restartedMain] j.LocalContainerEntityManagerFactoryBean : Initialized JPA EntityManagerFactory for persistence unit 'default'
2024-08-28T16:44:12.918+05:30  WARN 7232 --- [restartedMain] JpaBaseConfiguration$JpaWebConfiguration : spring.jpa.open-in-view is enabled by default. Therefore, database queries may be performed during view rendering. Explicitly configure spring.jpa.open-in-view to disable this warning
2024-08-28T16:44:15.765+05:30  INFO 7232 --- [restartedMain] o.s.b.d.a.OptionalLiveReloadServer       : LiveReload server is running on port 35729
2024-08-28T16:44:16.422+05:30  INFO 7232 --- [restartedMain] DiscoveryClientOptionalArgsConfiguration : Eureka HTTP Client uses RestTemplate.
2024-08-28T16:44:17.322+05:30  WARN 7232 --- [restartedMain] iguration$LoadBalancerCaffeineWarnLogger : Spring Cloud LoadBalancer is currently working with the default cache. While this cache implementation is useful for development and tests, it's recommended to use Caffeine cache in production.You can switch to using Caffeine cache, by adding it and org.springframework.cache.caffeine.CaffeineCacheManager to the classpath.
2024-08-28T16:44:17.436+05:30  INFO 7232 --- [restartedMain] o.s.c.n.eureka.InstanceInfoFactory       : Setting initial instance status as: STARTING
2024-08-28T16:44:17.907+05:30  INFO 7232 --- [restartedMain] com.netflix.discovery.DiscoveryClient    : Initializing Eureka in region us-east-1
2024-08-28T16:44:17.949+05:30  INFO 7232 --- [restartedMain] c.n.d.s.r.aws.ConfigClusterResolver      : Resolving eureka endpoints via configuration
2024-08-28T16:44:18.113+05:30  INFO 7232 --- [restartedMain] com.netflix.discovery.DiscoveryClient    : Disable delta property : false
2024-08-28T16:44:18.114+05:30  INFO 7232 --- [restartedMain] com.netflix.discovery.DiscoveryClient    : Single vip registry refresh property : null
2024-08-28T16:44:18.115+05:30  INFO 7232 --- [restartedMain] com.netflix.discovery.DiscoveryClient    : Force full registry fetch : false
2024-08-28T16:44:18.115+05:30  INFO 7232 --- [restartedMain] com.netflix.discovery.DiscoveryClient    : Application is null : false
2024-08-28T16:44:18.116+05:30  INFO 7232 --- [restartedMain] com.netflix.discovery.DiscoveryClient    : Registered Applications size is zero : true
2024-08-28T16:44:18.116+05:30  INFO 7232 --- [restartedMain] com.netflix.discovery.DiscoveryClient    : Application version is -1: true
2024-08-28T16:44:18.117+05:30  INFO 7232 --- [restartedMain] com.netflix.discovery.DiscoveryClient    : Getting all instance registry info from the eureka server
2024-08-28T16:44:19.936+05:30  INFO 7232 --- [restartedMain] com.netflix.discovery.DiscoveryClient    : The response status is 200
2024-08-28T16:44:19.945+05:30  INFO 7232 --- [restartedMain] com.netflix.discovery.DiscoveryClient    : Starting heartbeat executor: renew interval is: 30
2024-08-28T16:44:19.956+05:30  INFO 7232 --- [restartedMain] c.n.discovery.InstanceInfoReplicator     : InstanceInfoReplicator onDemand update allowed rate per min is 4
2024-08-28T16:44:19.980+05:30  INFO 7232 --- [restartedMain] com.netflix.discovery.DiscoveryClient    : Discovery Client initialized at timestamp 1724843659975 with initial instances count: 0
2024-08-28T16:44:19.995+05:30  INFO 7232 --- [restartedMain] o.s.c.n.e.s.EurekaServiceRegistry        : Registering application ACADEMYMS with eureka with status UP
2024-08-28T16:44:20.000+05:30  INFO 7232 --- [restartedMain] com.netflix.discovery.DiscoveryClient    : Saw local status change event StatusChangeEvent [timestamp=1724843660000, current=UP, previous=STARTING]
2024-08-28T16:44:20.048+05:30  INFO 7232 --- [DiscoveryClient-InstanceInfoReplicator-0] com.netflix.discovery.DiscoveryClient    : DiscoveryClient_ACADEMYMS/192.168.1.6:academyMS:9010: registering service...
2024-08-28T16:44:20.146+05:30  INFO 7232 --- [restartedMain] o.s.b.w.embedded.tomcat.TomcatWebServer  : Tomcat started on port(s): 9010 (http) with context path ''
2024-08-28T16:44:20.151+05:30  INFO 7232 --- [restartedMain] .s.c.n.e.s.EurekaAutoServiceRegistration : Updating port to 9010
2024-08-28T16:44:20.664+05:30  INFO 7232 --- [DiscoveryClient-InstanceInfoReplicator-0] com.netflix.discovery.DiscoveryClient    : DiscoveryClient_ACADEMYMS/192.168.1.6:academyMS:9010 - registration status: 204
2024-08-28T16:44:20.732+05:30  INFO 7232 --- [restartedMain] com.MainAppAcademy                       : Started MainAppAcademy in 49.805 seconds (process running for 53.796)
2024-08-28T16:44:49.953+05:30  INFO 7232 --- [DiscoveryClient-CacheRefreshExecutor-0] com.netflix.discovery.DiscoveryClient    : Disable delta property : false
2024-08-28T16:44:49.954+05:30  INFO 7232 --- [DiscoveryClient-CacheRefreshExecutor-0] com.netflix.discovery.DiscoveryClient    : Single vip registry refresh property : null
2024-08-28T16:44:49.955+05:30  INFO 7232 --- [DiscoveryClient-CacheRefreshExecutor-0] com.netflix.discovery.DiscoveryClient    : Force full registry fetch : false
2024-08-28T16:44:49.956+05:30  INFO 7232 --- [DiscoveryClient-CacheRefreshExecutor-0] com.netflix.discovery.DiscoveryClient    : Application is null : false
2024-08-28T16:44:49.956+05:30  INFO 7232 --- [DiscoveryClient-CacheRefreshExecutor-0] com.netflix.discovery.DiscoveryClient    : Registered Applications size is zero : true
2024-08-28T16:44:49.957+05:30  INFO 7232 --- [DiscoveryClient-CacheRefreshExecutor-0] com.netflix.discovery.DiscoveryClient    : Application version is -1: false
2024-08-28T16:44:49.957+05:30  INFO 7232 --- [DiscoveryClient-CacheRefreshExecutor-0] com.netflix.discovery.DiscoveryClient    : Getting all instance registry info from the eureka server
2024-08-28T16:44:50.003+05:30  INFO 7232 --- [DiscoveryClient-CacheRefreshExecutor-0] com.netflix.discovery.DiscoveryClient    : The response status is 200
2024-08-28T16:45:00.542+05:30  INFO 7232 --- [http-nio-9010-exec-2] o.a.c.c.C.[Tomcat].[localhost].[/]       : Initializing Spring DispatcherServlet 'dispatcherServlet'
2024-08-28T16:45:00.543+05:30  INFO 7232 --- [http-nio-9010-exec-2] o.s.web.servlet.DispatcherServlet        : Initializing Servlet 'dispatcherServlet'
2024-08-28T16:45:00.548+05:30  INFO 7232 --- [http-nio-9010-exec-2] o.s.web.servlet.DispatcherServlet        : Completed initialization in 4 ms
2024-08-28T16:45:00.897+05:30 DEBUG 7232 --- [http-nio-9010-exec-2] org.hibernate.SQL                        : 
    select
        a1_0.academy_id,
        a1_0.academy_name,
        a1_0.address,
        a1_0.contact_number,
        a1_0.email_address,
        a1_0.sport_name 
    from
        academy a1_0 
    where
        a1_0.academy_id=?
2024-08-28T16:49:06.139+05:30 DEBUG 7232 --- [http-nio-9010-exec-6] org.hibernate.SQL                        : 
    select
        a1_0.academy_id,
        a1_0.academy_name,
        a1_0.address,
        a1_0.contact_number,
        a1_0.email_address,
        a1_0.sport_name 
    from
        academy a1_0 
    where
        a1_0.academy_id=?
2024-08-28T16:49:18.128+05:30  INFO 7232 --- [AsyncResolver-bootstrap-executor-0] c.n.d.s.r.aws.ConfigClusterResolver      : Resolving eureka endpoints via configuration
2024-08-28T16:54:18.130+05:30  INFO 7232 --- [AsyncResolver-bootstrap-executor-0] c.n.d.s.r.aws.ConfigClusterResolver      : Resolving eureka endpoints via configuration
2024-08-28T16:59:18.142+05:30  INFO 7232 --- [AsyncResolver-bootstrap-executor-0] c.n.d.s.r.aws.ConfigClusterResolver      : Resolving eureka endpoints via configuration
2024-08-28T17:04:18.147+05:30  INFO 7232 --- [AsyncResolver-bootstrap-executor-0] c.n.d.s.r.aws.ConfigClusterResolver      : Resolving eureka endpoints via configuration
2024-08-28T17:09:18.158+05:30  INFO 7232 --- [AsyncResolver-bootstrap-executor-0] c.n.d.s.r.aws.ConfigClusterResolver      : Resolving eureka endpoints via configuration
2024-08-28T17:14:18.161+05:30  INFO 7232 --- [AsyncResolver-bootstrap-executor-0] c.n.d.s.r.aws.ConfigClusterResolver      : Resolving eureka endpoints via configuration
2024-08-28T17:19:18.171+05:30  INFO 7232 --- [AsyncResolver-bootstrap-executor-0] c.n.d.s.r.aws.ConfigClusterResolver      : Resolving eureka endpoints via configuration
2024-08-28T17:24:18.178+05:30  INFO 7232 --- [AsyncResolver-bootstrap-executor-0] c.n.d.s.r.aws.ConfigClusterResolver      : Resolving eureka endpoints via configuration
2024-08-28T17:29:18.190+05:30  INFO 7232 --- [AsyncResolver-bootstrap-executor-0] c.n.d.s.r.aws.ConfigClusterResolver      : Resolving eureka endpoints via configuration
2024-08-28T17:34:18.206+05:30  INFO 7232 --- [AsyncResolver-bootstrap-executor-0] c.n.d.s.r.aws.ConfigClusterResolver      : Resolving eureka endpoints via configuration
2024-08-28T17:39:18.215+05:30  INFO 7232 --- [AsyncResolver-bootstrap-executor-0] c.n.d.s.r.aws.ConfigClusterResolver      : Resolving eureka endpoints via configuration
2024-08-28T17:44:18.216+05:30  INFO 7232 --- [AsyncResolver-bootstrap-executor-0] c.n.d.s.r.aws.ConfigClusterResolver      : Resolving eureka endpoints via configuration
2024-08-28T17:49:18.223+05:30  INFO 7232 --- [AsyncResolver-bootstrap-executor-0] c.n.d.s.r.aws.ConfigClusterResolver      : Resolving eureka endpoints via configuration
2024-08-28T17:54:18.234+05:30  INFO 7232 --- [AsyncResolver-bootstrap-executor-0] c.n.d.s.r.aws.ConfigClusterResolver      : Resolving eureka endpoints via configuration
2024-08-28T17:59:18.250+05:30  INFO 7232 --- [AsyncResolver-bootstrap-executor-0] c.n.d.s.r.aws.ConfigClusterResolver      : Resolving eureka endpoints via configuration
2024-08-28T18:04:18.267+05:30  INFO 7232 --- [AsyncResolver-bootstrap-executor-0] c.n.d.s.r.aws.ConfigClusterResolver      : Resolving eureka endpoints via configuration
2024-08-28T18:09:18.276+05:30  INFO 7232 --- [AsyncResolver-bootstrap-executor-0] c.n.d.s.r.aws.ConfigClusterResolver      : Resolving eureka endpoints via configuration
2024-08-28T18:14:18.284+05:30  INFO 7232 --- [AsyncResolver-bootstrap-executor-0] c.n.d.s.r.aws.ConfigClusterResolver      : Resolving eureka endpoints via configuration
2024-08-28T18:19:18.288+05:30  INFO 7232 --- [AsyncResolver-bootstrap-executor-0] c.n.d.s.r.aws.ConfigClusterResolver      : Resolving eureka endpoints via configuration
2024-08-28T18:24:18.291+05:30  INFO 7232 --- [AsyncResolver-bootstrap-executor-0] c.n.d.s.r.aws.ConfigClusterResolver      : Resolving eureka endpoints via configuration
2024-08-28T18:29:18.305+05:30  INFO 7232 --- [AsyncResolver-bootstrap-executor-0] c.n.d.s.r.aws.ConfigClusterResolver      : Resolving eureka endpoints via configuration
2024-08-28T18:34:18.307+05:30  INFO 7232 --- [AsyncResolver-bootstrap-executor-0] c.n.d.s.r.aws.ConfigClusterResolver      : Resolving eureka endpoints via configuration
2024-08-28T18:39:18.322+05:30  INFO 7232 --- [AsyncResolver-bootstrap-executor-0] c.n.d.s.r.aws.ConfigClusterResolver      : Resolving eureka endpoints via configuration
2024-08-28T18:44:18.327+05:30  INFO 7232 --- [AsyncResolver-bootstrap-executor-0] c.n.d.s.r.aws.ConfigClusterResolver      : Resolving eureka endpoints via configuration
